TN:
SF:app/controlroom_frontend/app/admin/backup/page.tsx
FN:23,BackupRestorePage
FN:38,handleBackup
FN:44,(anonymous_6)
FN:66,handleRestore
FN:75,(anonymous_8)
FN:88,handleVerify
FN:98,(anonymous_10)
FN:150,(anonymous_11)
FN:181,(anonymous_12)
FN:233,(anonymous_13)
FN:255,StatusMessage
FNF:11
FNH:8
FNDA:42,BackupRestorePage
FNDA:3,handleBackup
FNDA:0,(anonymous_6)
FNDA:2,handleRestore
FNDA:0,(anonymous_8)
FNDA:5,handleVerify
FNDA:0,(anonymous_10)
FNDA:3,(anonymous_11)
FNDA:6,(anonymous_12)
FNDA:4,(anonymous_13)
FNDA:4,StatusMessage
DA:3,1
DA:4,1
DA:23,15
DA:24,42
DA:25,42
DA:27,42
DA:28,42
DA:29,42
DA:30,42
DA:32,42
DA:33,42
DA:34,42
DA:35,42
DA:36,42
DA:39,3
DA:40,3
DA:41,3
DA:42,3
DA:43,2
DA:44,1
DA:45,1
DA:47,1
DA:48,1
DA:49,1
DA:50,1
DA:51,1
DA:52,1
DA:53,1
DA:54,1
DA:55,1
DA:56,1
DA:57,1
DA:58,1
DA:60,1
DA:62,2
DA:67,2
DA:68,2
DA:69,2
DA:70,2
DA:71,2
DA:72,2
DA:73,2
DA:74,2
DA:75,1
DA:76,1
DA:78,1
DA:79,1
DA:80,1
DA:82,1
DA:84,2
DA:89,5
DA:90,5
DA:91,5
DA:92,5
DA:93,5
DA:94,5
DA:95,5
DA:96,5
DA:97,4
DA:98,2
DA:99,2
DA:101,2
DA:102,2
DA:104,2
DA:106,4
DA:150,3
DA:182,6
DA:183,6
DA:184,6
DA:234,4
LF:70
LH:70
BRDA:43,0,0,1
BRDA:43,0,1,1
BRDA:45,1,0,1
BRDA:45,1,1,0
BRDA:47,2,0,1
BRDA:47,2,1,0
BRDA:50,3,0,1
BRDA:50,3,1,0
BRDA:60,4,0,1
BRDA:60,4,1,0
BRDA:67,5,0,0
BRDA:67,5,1,2
BRDA:74,6,0,1
BRDA:74,6,1,1
BRDA:76,7,0,1
BRDA:76,7,1,0
BRDA:80,8,0,1
BRDA:80,8,1,0
BRDA:82,9,0,1
BRDA:82,9,1,0
BRDA:89,10,0,0
BRDA:89,10,1,5
BRDA:97,11,0,2
BRDA:97,11,1,2
BRDA:99,12,0,2
BRDA:99,12,1,0
BRDA:104,13,0,2
BRDA:104,13,1,0
BRDA:129,14,0,3
BRDA:133,15,0,42
BRDA:150,16,0,3
BRDA:150,16,1,0
BRDA:156,17,0,42
BRDA:156,17,1,6
BRDA:160,18,0,2
BRDA:164,19,0,42
BRDA:182,20,0,6
BRDA:182,20,1,0
BRDA:191,21,0,42
BRDA:191,21,1,15
BRDA:195,22,0,5
BRDA:200,23,0,42
BRDA:203,24,0,1
BRDA:203,24,1,1
BRDA:203,25,0,2
BRDA:203,25,1,1
BRDA:209,26,0,42
BRDA:212,27,0,1
BRDA:212,27,1,1
BRDA:217,28,0,1
BRDA:219,29,0,1
BRDA:219,29,1,1
BRDA:236,30,0,3
BRDA:236,30,1,1
BRDA:241,31,0,3
BRDA:241,31,1,1
BRDA:242,32,0,3
BRDA:242,32,1,1
BRDA:258,33,0,2
BRDA:258,33,1,2
BRDA:261,34,0,2
BRF:61
BRH:48
end_of_record
TN:
SF:app/controlroom_frontend/app/admin/change-review/page.tsx
FN:21,timeAgo
FN:29,isAbortError
FN:40,buildListUrl
FN:61,fetchChangeReview
FN:68,(anonymous_8)
FN:73,(anonymous_9)
FN:79,removeEntry
FN:85,(anonymous_11)
FN:88,useRowActions
FN:98,(anonymous_13)
FN:99,(anonymous_14)
FN:102,setRowError
FN:103,(anonymous_16)
FN:105,(anonymous_17)
FN:106,(anonymous_18)
FN:115,handleRowClick
FN:129,applyRemoval
FN:130,(anonymous_21)
FN:130,(anonymous_22)
FN:131,(anonymous_23)
FN:134,handleAction
FN:135,(anonymous_25)
FN:151,(anonymous_26)
FN:158,useChangeReview
FN:172,(anonymous_28)
FN:173,(anonymous_29)
FN:177,(anonymous_30)
FN:184,(anonymous_31)
FN:185,(anonymous_32)
FN:190,(anonymous_33)
FN:196,(anonymous_34)
FN:197,(anonymous_35)
FN:223,EntryActionButtons
FN:227,(anonymous_37)
FN:235,(anonymous_38)
FN:243,(anonymous_39)
FN:263,ChangeReviewFilters
FN:266,(anonymous_41)
FN:268,(anonymous_42)
FN:272,(anonymous_43)
FN:278,(anonymous_44)
FN:298,ChangeReviewTable
FN:313,(anonymous_46)
FN:319,(anonymous_47)
FN:320,(anonymous_48)
FN:333,(anonymous_49)
FN:333,(anonymous_50)
FN:355,EntryActionsCell
FN:366,(anonymous_52)
FN:371,ChangeReviewPage
FN:407,(anonymous_54)
FN:408,(anonymous_55)
FN:409,(anonymous_56)
FN:423,(anonymous_57)
FN:428,(anonymous_58)
FN:428,(anonymous_59)
FN:430,(anonymous_60)
FN:430,(anonymous_61)
FN:432,(anonymous_62)
FNF:59
FNH:47
FNDA:92,timeAgo
FNDA:3,isAbortError
FNDA:37,buildListUrl
FNDA:37,fetchChangeReview
FNDA:36,(anonymous_8)
FNDA:3,(anonymous_9)
FNDA:6,removeEntry
FNDA:11,(anonymous_11)
FNDA:86,useRowActions
FNDA:30,(anonymous_13)
FNDA:30,(anonymous_14)
FNDA:1,setRowError
FNDA:1,(anonymous_16)
FNDA:0,(anonymous_17)
FNDA:0,(anonymous_18)
FNDA:4,handleRowClick
FNDA:8,applyRemoval
FNDA:6,(anonymous_21)
FNDA:20,(anonymous_22)
FNDA:6,(anonymous_23)
FNDA:9,handleAction
FNDA:9,(anonymous_25)
FNDA:7,(anonymous_26)
FNDA:86,useChangeReview
FNDA:65,(anonymous_28)
FNDA:0,(anonymous_29)
FNDA:31,(anonymous_30)
FNDA:1,(anonymous_31)
FNDA:31,(anonymous_32)
FNDA:36,(anonymous_33)
FNDA:2,(anonymous_34)
FNDA:6,(anonymous_35)
FNDA:88,EntryActionButtons
FNDA:2,(anonymous_37)
FNDA:2,(anonymous_38)
FNDA:5,(anonymous_39)
FNDA:85,ChangeReviewFilters
FNDA:0,(anonymous_41)
FNDA:1530,(anonymous_42)
FNDA:0,(anonymous_43)
FNDA:1,(anonymous_44)
FNDA:54,ChangeReviewTable
FNDA:92,(anonymous_46)
FNDA:2,(anonymous_47)
FNDA:3,(anonymous_48)
FNDA:0,(anonymous_49)
FNDA:3,(anonymous_50)
FNDA:92,EntryActionsCell
FNDA:9,(anonymous_52)
FNDA:86,ChangeReviewPage
FNDA:0,(anonymous_54)
FNDA:0,(anonymous_55)
FNDA:1,(anonymous_56)
FNDA:4,(anonymous_57)
FNDA:0,(anonymous_58)
FNDA:0,(anonymous_59)
FNDA:0,(anonymous_60)
FNDA:0,(anonymous_61)
FNDA:1,(anonymous_62)
DA:3,1
DA:4,1
DA:5,1
DA:6,1
DA:7,1
DA:10,1
DA:19,1
DA:22,92
DA:23,92
DA:24,92
DA:25,92
DA:26,92
DA:30,3
DA:41,37
DA:42,37
DA:43,37
DA:44,37
DA:45,37
DA:46,37
DA:47,37
DA:55,1
DA:67,37
DA:69,36
DA:70,33
DA:74,3
DA:75,3
DA:83,6
DA:84,6
DA:85,11
DA:92,86
DA:93,86
DA:94,86
DA:95,86
DA:96,86
DA:98,86
DA:99,30
DA:103,1
DA:104,1
DA:105,1
DA:106,0
DA:107,0
DA:108,0
DA:109,0
DA:111,0
DA:116,4
DA:117,4
DA:118,4
DA:119,4
DA:120,4
DA:121,4
DA:123,0
DA:125,4
DA:130,20
DA:131,8
DA:135,9
DA:136,9
DA:137,9
DA:138,9
DA:139,2
DA:140,2
DA:142,7
DA:143,7
DA:144,1
DA:145,1
DA:147,6
DA:149,0
DA:151,9
DA:155,86
DA:159,86
DA:160,86
DA:161,86
DA:162,86
DA:163,86
DA:164,86
DA:165,86
DA:166,86
DA:169,86
DA:170,86
DA:172,86
DA:173,65
DA:177,86
DA:178,31
DA:179,31
DA:180,31
DA:181,31
DA:182,31
DA:183,31
DA:184,31
DA:185,31
DA:190,86
DA:191,36
DA:192,6
DA:193,6
DA:194,6
DA:195,6
DA:196,6
DA:197,6
DA:200,86
DA:227,2
DA:235,2
DA:243,5
DA:266,0
DA:269,1530
DA:272,0
DA:278,1
DA:314,92
DA:319,2
DA:320,3
DA:333,3
DA:357,91
DA:358,91
DA:361,90
DA:366,9
DA:371,30
DA:372,86
DA:373,86
DA:382,86
DA:384,86
DA:395,85
DA:407,0
DA:408,0
DA:409,1
DA:423,4
DA:428,0
DA:430,0
DA:432,1
LF:126
LH:113
BRDA:23,0,0,0
BRDA:23,0,1,92
BRDA:24,1,0,0
BRDA:24,1,1,92
BRDA:25,2,0,0
BRDA:25,2,1,92
BRDA:30,3,0,3
BRDA:30,3,1,3
BRDA:42,4,0,0
BRDA:42,4,1,37
BRDA:43,5,0,0
BRDA:43,5,1,37
BRDA:69,6,0,3
BRDA:69,6,1,33
BRDA:74,7,0,0
BRDA:74,7,1,3
BRDA:83,8,0,0
BRDA:83,8,1,6
BRDA:84,9,0,0
BRDA:84,9,1,6
BRDA:104,10,0,0
BRDA:104,10,1,1
BRDA:119,11,0,0
BRDA:119,11,1,4
BRDA:138,12,0,2
BRDA:138,12,1,7
BRDA:143,13,0,1
BRDA:143,13,1,6
BRDA:144,14,0,1
BRDA:144,14,1,0
BRDA:173,15,0,0
BRDA:173,15,1,65
BRDA:173,16,0,65
BRDA:173,16,1,1
BRDA:191,17,0,30
BRDA:191,17,1,6
BRDA:193,18,0,0
BRDA:193,18,1,6
BRDA:234,19,0,48
BRDA:318,20,0,92
BRDA:318,20,1,91
BRDA:320,21,0,2
BRDA:320,21,1,1
BRDA:320,22,0,3
BRDA:320,22,1,2
BRDA:325,23,0,4
BRDA:325,23,1,88
BRDA:328,24,0,88
BRDA:328,24,1,87
BRDA:344,25,0,54
BRDA:357,26,0,91
BRDA:357,26,1,90
BRDA:358,27,0,1
BRDA:358,27,1,90
BRDA:359,28,0,1
BRDA:359,28,1,0
BRDA:361,29,0,2
BRDA:361,29,1,88
BRDA:384,30,0,1
BRDA:384,30,1,85
BRDA:395,31,0,54
BRDA:395,31,1,31
BRDA:400,32,0,85
BRDA:411,33,0,85
BRDA:416,34,0,85
BRDA:432,35,0,85
BRF:66
BRH:52
end_of_record
TN:
SF:app/controlroom_frontend/app/admin/import-export/page.tsx
FN:42,TableChecklist
FN:49,handleToggle
FN:55,handleAll
FN:55,(anonymous_7)
FN:56,handleNone
FN:65,(anonymous_9)
FN:70,(anonymous_10)
FN:81,downloadXlsx
FN:84,(anonymous_12)
FN:100,ImportExportPage
FN:102,(anonymous_14)
FN:114,tableParams
FN:118,handleExport
FN:135,handleTemplate
FN:152,handleImport
FN:162,(anonymous_19)
FN:185,handleFileChange
FN:259,ImportSuccess
FN:275,(anonymous_22)
FN:288,ImportErrorTable
FN:306,(anonymous_24)
FN:321,StatusMessage
FNF:22
FNH:20
FNDA:44,TableChecklist
FNDA:2,handleToggle
FNDA:1,handleAll
FNDA:11,(anonymous_7)
FNDA:3,handleNone
FNDA:484,(anonymous_9)
FNDA:2,(anonymous_10)
FNDA:4,downloadXlsx
FNDA:0,(anonymous_12)
FNDA:44,ImportExportPage
FNDA:484,(anonymous_14)
FNDA:4,tableParams
FNDA:3,handleExport
FNDA:1,handleTemplate
FNDA:4,handleImport
FNDA:0,(anonymous_19)
FNDA:6,handleFileChange
FNDA:2,ImportSuccess
FNDA:2,(anonymous_22)
FNDA:2,ImportErrorTable
FNDA:2,(anonymous_24)
FNDA:2,StatusMessage
DA:3,1
DA:4,1
DA:6,1
DA:50,2
DA:51,2
DA:52,1
DA:53,2
DA:55,11
DA:56,3
DA:66,484
DA:70,2
DA:82,4
DA:83,4
DA:84,1
DA:85,1
DA:87,3
DA:88,3
DA:89,3
DA:90,3
DA:91,3
DA:92,3
DA:93,3
DA:94,3
DA:95,3
DA:96,3
DA:97,3
DA:100,18
DA:101,44
DA:102,484
DA:104,44
DA:105,44
DA:106,44
DA:108,44
DA:109,44
DA:110,44
DA:111,44
DA:112,44
DA:115,4
DA:119,3
DA:120,3
DA:121,3
DA:122,3
DA:123,3
DA:127,2
DA:129,1
DA:131,3
DA:136,1
DA:137,1
DA:138,1
DA:139,1
DA:140,1
DA:144,1
DA:146,0
DA:148,1
DA:153,4
DA:154,4
DA:155,4
DA:156,4
DA:157,4
DA:158,4
DA:159,4
DA:160,4
DA:161,4
DA:162,2
DA:163,2
DA:164,2
DA:165,1
DA:167,1
DA:169,1
DA:171,2
DA:172,2
DA:173,2
DA:174,2
DA:176,1
DA:181,4
DA:186,6
DA:187,6
DA:188,6
DA:276,2
DA:307,2
LF:80
LH:79
BRDA:51,0,0,1
BRDA:51,0,1,1
BRDA:83,1,0,1
BRDA:83,1,1,3
BRDA:85,2,0,1
BRDA:85,2,1,0
BRDA:87,3,0,3
BRDA:87,3,1,0
BRDA:89,4,0,3
BRDA:89,4,1,0
BRDA:119,5,0,0
BRDA:119,5,1,3
BRDA:129,6,0,1
BRDA:129,6,1,0
BRDA:136,7,0,0
BRDA:136,7,1,1
BRDA:146,8,0,0
BRDA:146,8,1,0
BRDA:153,9,0,0
BRDA:153,9,1,4
BRDA:161,10,0,2
BRDA:161,10,1,2
BRDA:164,11,0,1
BRDA:164,11,1,1
BRDA:164,12,0,2
BRDA:164,12,1,2
BRDA:164,12,2,1
BRDA:165,13,0,1
BRDA:165,13,1,0
BRDA:167,14,0,1
BRDA:167,14,1,0
BRDA:174,15,0,2
BRDA:174,15,1,0
BRDA:178,16,0,1
BRDA:178,16,1,0
BRDA:186,17,0,6
BRDA:186,17,1,0
BRDA:208,18,0,44
BRDA:208,18,1,41
BRDA:211,19,0,3
BRDA:216,20,0,44
BRDA:216,20,1,43
BRDA:219,21,0,1
BRDA:223,22,0,44
BRDA:245,23,0,44
BRDA:245,23,1,12
BRDA:248,24,0,4
BRDA:252,25,0,44
BRDA:253,26,0,44
BRDA:253,26,1,2
BRDA:293,27,0,2
BRDA:293,27,1,0
BRDA:308,28,0,2
BRDA:308,28,1,1
BRDA:309,29,0,2
BRDA:309,29,1,1
BRDA:310,30,0,2
BRDA:310,30,1,1
BRDA:323,31,0,1
BRDA:323,31,1,1
BRDA:325,32,0,1
BRF:61
BRH:46
end_of_record
TN:
SF:app/controlroom_frontend/app/admin/stats/page.tsx
FN:24,StatsPage
FN:28,(anonymous_5)
FN:30,(anonymous_6)
FN:35,(anonymous_7)
FN:61,(anonymous_8)
FN:66,(anonymous_9)
FNF:6
FNH:6
FNDA:15,StatsPage
FNDA:8,(anonymous_5)
FNDA:7,(anonymous_6)
FNDA:1,(anonymous_7)
FNDA:24,(anonymous_8)
FNDA:108,(anonymous_9)
DA:3,1
DA:4,1
DA:24,8
DA:25,15
DA:26,15
DA:28,15
DA:29,8
DA:31,7
DA:32,6
DA:35,1
DA:38,15
DA:49,14
DA:62,24
DA:67,108
DA:68,108
DA:69,3
DA:73,108
DA:74,3
DA:78,108
DA:79,3
DA:84,108
LF:21
LH:21
BRDA:31,0,0,1
BRDA:31,0,1,6
BRDA:38,1,0,1
BRDA:38,1,1,14
BRDA:49,2,0,8
BRDA:49,2,1,6
BRDA:68,3,0,3
BRDA:68,3,1,105
BRDA:70,4,0,0
BRDA:70,4,1,3
BRDA:73,5,0,3
BRDA:73,5,1,105
BRDA:75,6,0,3
BRDA:75,6,1,0
BRDA:78,7,0,3
BRDA:78,7,1,105
BRDA:80,8,0,3
BRDA:80,8,1,0
BRDA:89,9,0,108
BRF:19
BRH:16
end_of_record
TN:
SF:app/controlroom_frontend/app/admin/users/page.tsx
FN:20,StatusMessage
FN:36,UsersPage
FN:55,fetchUsers
FN:60,(anonymous_8)
FN:61,(anonymous_9)
FN:64,callApi
FN:74,(anonymous_11)
FN:84,_handleLinkResponse
FN:96,initGoogle
FN:101,(anonymous_14)
FN:105,handleLinkGoogle
FN:112,handleAdd
FN:123,(anonymous_17)
FN:137,handleToggleRole
FN:147,handleDelete
FN:156,handleChangePassword
FN:166,(anonymous_21)
FN:211,(anonymous_22)
FN:222,(anonymous_23)
FN:241,(anonymous_24)
FN:249,(anonymous_25)
FN:260,(anonymous_26)
FN:277,(anonymous_27)
FN:283,(anonymous_28)
FN:291,(anonymous_29)
FN:306,(anonymous_30)
FN:314,(anonymous_31)
FN:321,(anonymous_32)
FN:332,(anonymous_33)
FNF:29
FNH:21
FNDA:9,StatusMessage
FNDA:57,UsersPage
FNDA:17,fetchUsers
FNDA:13,(anonymous_8)
FNDA:13,(anonymous_9)
FNDA:4,callApi
FNDA:0,(anonymous_11)
FNDA:0,_handleLinkResponse
FNDA:0,initGoogle
FNDA:0,(anonymous_14)
FNDA:0,handleLinkGoogle
FNDA:3,handleAdd
FNDA:0,(anonymous_17)
FNDA:2,handleToggleRole
FNDA:2,handleDelete
FNDA:2,handleChangePassword
FNDA:0,(anonymous_21)
FNDA:87,(anonymous_22)
FNDA:2,(anonymous_23)
FNDA:0,(anonymous_24)
FNDA:3,(anonymous_25)
FNDA:2,(anonymous_26)
FNDA:2,(anonymous_27)
FNDA:2,(anonymous_28)
FNDA:1,(anonymous_29)
FNDA:1,(anonymous_30)
FNDA:3,(anonymous_31)
FNDA:3,(anonymous_32)
FNDA:3,(anonymous_33)
DA:3,1
DA:4,1
DA:5,1
DA:6,1
DA:8,1
DA:36,13
DA:37,57
DA:38,57
DA:39,57
DA:40,57
DA:43,57
DA:44,57
DA:45,57
DA:48,57
DA:49,57
DA:50,57
DA:53,57
DA:56,17
DA:57,17
DA:60,57
DA:61,13
DA:70,4
DA:71,4
DA:72,4
DA:73,4
DA:74,2
DA:75,2
DA:77,2
DA:78,2
DA:80,2
DA:85,0
DA:86,0
DA:87,0
DA:88,0
DA:97,0
DA:98,0
DA:99,0
DA:101,0
DA:106,0
DA:107,0
DA:108,0
DA:109,0
DA:113,3
DA:114,3
DA:115,3
DA:116,3
DA:117,3
DA:122,3
DA:123,1
DA:124,1
DA:126,2
DA:127,2
DA:128,2
DA:129,2
DA:131,1
DA:133,3
DA:138,2
DA:139,2
DA:148,2
DA:157,2
DA:158,2
DA:159,2
DA:160,2
DA:165,2
DA:166,1
DA:167,1
DA:169,1
DA:170,1
DA:171,1
DA:173,1
DA:175,2
DA:212,87
DA:222,2
DA:241,0
DA:250,3
DA:251,3
DA:252,3
DA:260,2
DA:277,2
DA:283,2
DA:291,1
DA:306,1
DA:314,3
DA:321,3
DA:332,3
LF:85
LH:72
BRDA:8,0,0,1
BRDA:8,0,1,1
BRDA:23,1,0,5
BRDA:23,1,1,4
BRDA:26,2,0,5
BRDA:57,3,0,17
BRDA:57,3,1,0
BRDA:73,4,0,2
BRDA:73,4,1,2
BRDA:75,5,0,2
BRDA:75,5,1,0
BRDA:80,6,0,2
BRDA:80,6,1,0
BRDA:86,7,0,0
BRDA:86,7,1,0
BRDA:98,8,0,0
BRDA:98,8,1,0
BRDA:98,9,0,0
BRDA:98,9,1,0
BRDA:107,10,0,0
BRDA:107,10,1,0
BRDA:122,11,0,1
BRDA:122,11,1,2
BRDA:124,12,0,1
BRDA:124,12,1,0
BRDA:131,13,0,1
BRDA:131,13,1,0
BRDA:138,14,0,0
BRDA:138,14,1,2
BRDA:165,15,0,1
BRDA:165,15,1,1
BRDA:167,16,0,1
BRDA:167,16,1,0
BRDA:173,17,0,1
BRDA:173,17,1,0
BRDA:181,18,0,57
BRDA:197,19,0,13
BRDA:216,20,0,87
BRDA:224,21,0,44
BRDA:224,21,1,43
BRDA:226,22,0,44
BRDA:226,22,1,43
BRDA:239,23,0,87
BRDA:239,23,1,0
BRDA:239,23,2,0
BRDA:250,24,0,0
BRDA:250,24,1,3
BRDA:270,25,0,87
BRDA:284,26,0,8
BRDA:284,26,1,5
BRDA:287,27,0,8
BRDA:306,28,0,57
BRDA:342,29,0,3
BRF:53
BRH:34
end_of_record
TN:
SF:app/controlroom_frontend/app/api/[...path]/route.ts
FN:6,proxy
FNF:1
FNH:1
FNDA:8,proxy
DA:1,1
DA:2,1
DA:4,1
DA:10,8
DA:11,8
DA:12,8
DA:14,8
DA:15,8
DA:17,8
DA:18,8
DA:19,8
DA:20,8
DA:22,8
DA:23,8
DA:25,8
DA:31,8
DA:32,8
DA:33,8
DA:34,8
DA:35,8
DA:37,8
DA:40,5
DA:41,1
DA:42,1
DA:43,1
LF:25
LH:25
BRDA:4,0,0,1
BRDA:4,0,1,1
BRDA:19,1,0,2
BRDA:19,1,1,6
BRDA:20,2,0,7
BRDA:20,2,1,1
BRDA:22,3,0,8
BRDA:22,3,1,3
BRDA:23,4,0,3
BRDA:23,4,1,5
BRDA:28,5,0,2
BRDA:28,5,1,6
BRDA:33,6,0,7
BRDA:33,6,1,1
BRDA:35,7,0,1
BRDA:35,7,1,7
BRF:16
BRH:16
end_of_record
TN:
SF:app/controlroom_frontend/app/api/auth/session.ts
FN:12,createSession
FNF:1
FNH:1
FNDA:2,createSession
DA:1,2
DA:3,2
DA:4,2
DA:6,2
DA:12,2
DA:15,2
DA:18,2
DA:20,2
DA:21,2
DA:29,2
LF:10
LH:10
BRDA:3,0,0,2
BRDA:3,0,1,2
BRF:2
BRH:2
end_of_record
TN:
SF:app/controlroom_frontend/app/api/auth/google/route.ts
FN:4,POST
FN:14,(anonymous_2)
FNF:2
FNH:2
FNDA:3,POST
FNDA:1,(anonymous_2)
DA:1,1
DA:2,1
DA:4,3
DA:5,3
DA:7,3
DA:13,3
DA:14,2
DA:15,2
DA:18,1
DA:19,1
DA:20,1
LF:11
LH:11
BRDA:13,0,0,2
BRDA:13,0,1,1
BRF:2
BRH:2
end_of_record
TN:
SF:app/controlroom_frontend/app/api/auth/logout/route.ts
FN:4,POST
FNF:1
FNH:1
FNDA:2,POST
DA:1,1
DA:2,1
DA:4,2
DA:5,2
DA:6,2
DA:7,2
LF:6
LH:6
BRF:0
BRH:0
end_of_record
TN:
SF:app/controlroom_frontend/app/api/auth/me/route.ts
FN:5,GET
FNF:1
FNH:1
FNDA:3,GET
DA:1,1
DA:2,1
DA:3,1
DA:5,3
DA:6,3
DA:7,3
DA:9,3
DA:10,1
DA:13,2
DA:17,2
DA:18,1
DA:21,1
DA:22,1
LF:13
LH:13
BRDA:9,0,0,1
BRDA:9,0,1,2
BRDA:17,1,0,1
BRDA:17,1,1,1
BRF:4
BRH:4
end_of_record
TN:
SF:app/controlroom_frontend/app/api/auth/token/route.ts
FN:4,POST
FN:14,(anonymous_2)
FNF:2
FNH:2
FNDA:4,POST
FNDA:1,(anonymous_2)
DA:1,1
DA:2,1
DA:4,4
DA:5,4
DA:7,4
DA:13,4
DA:14,2
DA:15,2
DA:18,2
DA:19,2
DA:20,2
LF:11
LH:11
BRDA:13,0,0,2
BRDA:13,0,1,2
BRF:2
BRH:2
end_of_record
TN:
SF:app/controlroom_frontend/app/login/page.tsx
FN:10,LoginPage
FN:18,initGoogle
FN:23,(anonymous_7)
FN:24,(anonymous_8)
FN:46,handleSubmit
FN:79,(anonymous_10)
FN:90,(anonymous_11)
FN:106,(anonymous_12)
FNF:8
FNH:5
FNDA:20,LoginPage
FNDA:0,initGoogle
FNDA:0,(anonymous_7)
FNDA:0,(anonymous_8)
FNDA:4,handleSubmit
FNDA:4,(anonymous_10)
FNDA:4,(anonymous_11)
FNDA:4,(anonymous_12)
DA:3,1
DA:4,1
DA:5,1
DA:6,1
DA:8,1
DA:10,5
DA:11,20
DA:12,20
DA:13,20
DA:14,20
DA:15,20
DA:16,20
DA:19,0
DA:20,0
DA:21,0
DA:24,0
DA:25,0
DA:26,0
DA:27,0
DA:28,0
DA:30,0
DA:32,0
DA:37,0
DA:47,4
DA:48,4
DA:49,4
DA:50,4
DA:51,4
DA:53,2
DA:55,3
DA:79,4
DA:90,4
DA:106,4
LF:33
LH:22
BRDA:8,0,0,1
BRDA:8,0,1,1
BRDA:20,1,0,0
BRDA:20,1,1,0
BRDA:20,2,0,0
BRDA:20,2,1,0
BRDA:20,2,2,0
BRDA:30,3,0,0
BRDA:30,3,1,0
BRDA:53,4,0,1
BRDA:53,4,1,1
BRDA:61,5,0,20
BRDA:113,6,0,20
BRDA:122,7,0,20
BRDA:126,8,0,20
BRF:15
BRH:8
end_of_record
TN:
SF:app/controlroom_frontend/app/search/page.tsx
FN:15,getSearchResultId
FN:23,buildCountLabel
FN:28,filterResults
FN:30,(anonymous_7)
FN:33,SearchCountLabel
FN:40,SearchErrorMessage
FN:52,buildTabs
FN:57,(anonymous_11)
FN:65,NotesToggle
FN:69,handleChange
FN:80,TabBar
FN:87,(anonymous_15)
FN:90,(anonymous_16)
FN:109,SearchResultItem
FN:117,(anonymous_18)
FN:139,SearchResultsBody
FN:149,(anonymous_20)
FN:158,SearchContent
FN:168,(anonymous_22)
FN:173,(anonymous_23)
FN:187,handleNotesChange
FN:193,handleTabSelect
FN:198,handleOpen
FN:202,handleClose
FN:206,handleMutate
FN:207,(anonymous_29)
FN:263,SearchPage
FNF:27
FNH:25
FNDA:51,getSearchResultId
FNDA:24,buildCountLabel
FNDA:65,filterResults
FNDA:8,(anonymous_7)
FNDA:47,SearchCountLabel
FNDA:47,SearchErrorMessage
FNDA:65,buildTabs
FNDA:62,(anonymous_11)
FNDA:47,NotesToggle
FNDA:2,handleChange
FNDA:24,TabBar
FNDA:62,(anonymous_15)
FNDA:3,(anonymous_16)
FNDA:34,SearchResultItem
FNDA:5,(anonymous_18)
FNDA:24,SearchResultsBody
FNDA:34,(anonymous_20)
FNDA:65,SearchContent
FNDA:21,(anonymous_22)
FNDA:21,(anonymous_23)
FNDA:2,handleNotesChange
FNDA:3,handleTabSelect
FNDA:5,handleOpen
FNDA:1,handleClose
FNDA:0,handleMutate
FNDA:0,(anonymous_29)
FNDA:21,SearchPage
DA:3,1
DA:4,1
DA:5,1
DA:6,1
DA:7,1
DA:8,1
DA:9,1
DA:10,1
DA:11,1
DA:16,51
DA:19,1
DA:21,1
DA:24,24
DA:25,24
DA:29,65
DA:30,8
DA:36,47
DA:41,47
DA:53,65
DA:54,65
DA:55,62
DA:57,65
DA:62,65
DA:70,2
DA:88,62
DA:90,3
DA:113,34
DA:114,34
DA:117,5
DA:150,34
DA:159,65
DA:160,65
DA:161,65
DA:162,65
DA:163,65
DA:164,65
DA:166,65
DA:168,21
DA:173,65
DA:175,65
DA:176,65
DA:177,65
DA:178,65
DA:180,65
DA:188,2
DA:189,2
DA:190,2
DA:194,3
DA:195,3
DA:199,5
DA:203,1
DA:207,0
DA:210,65
DA:263,21
LF:54
LH:53
BRDA:24,0,0,0
BRDA:24,0,1,24
BRDA:25,1,0,10
BRDA:25,1,1,14
BRDA:29,2,0,60
BRDA:29,2,1,5
BRDA:36,3,0,23
BRDA:36,3,1,24
BRDA:41,4,0,46
BRDA:41,4,1,1
BRDA:45,5,0,1
BRDA:45,5,1,0
BRDA:55,6,0,62
BRDA:55,6,1,62
BRDA:59,7,0,62
BRDA:59,7,1,0
BRDA:92,8,0,24
BRDA:92,8,1,38
BRDA:98,9,0,62
BRDA:114,10,0,0
BRDA:114,10,1,34
BRDA:122,11,0,34
BRDA:146,12,0,0
BRDA:146,12,1,24
BRDA:161,13,0,65
BRDA:161,13,1,1
BRDA:175,14,0,65
BRDA:175,14,1,26
BRDA:176,15,0,65
BRDA:176,15,1,26
BRDA:210,16,0,2
BRDA:210,16,1,63
BRDA:233,17,0,63
BRDA:240,18,0,63
BRDA:250,19,0,63
BRDA:250,19,1,6
BRF:36
BRH:31
end_of_record
TN:
SF:app/controlroom_frontend/components/BulkEditBar.tsx
FN:13,canApplyField
FN:19,buildParentsearchPayload
FN:24,(anonymous_6)
FN:25,(anonymous_7)
FN:26,(anonymous_8)
FN:28,(anonymous_9)
FN:28,(anonymous_10)
FN:31,(anonymous_11)
FN:32,(anonymous_12)
FN:33,(anonymous_13)
FN:36,(anonymous_14)
FN:37,(anonymous_15)
FN:51,BulkEditBar
FN:70,(anonymous_17)
FN:72,(anonymous_18)
FN:76,(anonymous_19)
FN:87,(anonymous_20)
FN:96,handleApply
FN:102,(anonymous_22)
FN:121,(anonymous_23)
FN:131,handleBulkDelete
FN:135,(anonymous_25)
FN:137,(anonymous_26)
FN:149,renderFieldInput
FN:154,(anonymous_28)
FN:165,(anonymous_29)
FN:205,(anonymous_30)
FN:210,(anonymous_31)
FN:262,(anonymous_32)
FN:273,(anonymous_33)
FNF:30
FNH:30
FNDA:62,canApplyField
FNDA:5,buildParentsearchPayload
FNDA:9,(anonymous_6)
FNDA:9,(anonymous_7)
FNDA:9,(anonymous_8)
FNDA:9,(anonymous_9)
FNDA:2,(anonymous_10)
FNDA:7,(anonymous_11)
FNDA:5,(anonymous_12)
FNDA:2,(anonymous_13)
FNDA:5,(anonymous_14)
FNDA:2,(anonymous_15)
FNDA:125,BulkEditBar
FNDA:131,(anonymous_17)
FNDA:44,(anonymous_18)
FNDA:47,(anonymous_19)
FNDA:13,(anonymous_20)
FNDA:9,handleApply
FNDA:17,(anonymous_22)
FNDA:17,(anonymous_23)
FNDA:2,handleBulkDelete
FNDA:4,(anonymous_25)
FNDA:4,(anonymous_26)
FNDA:62,renderFieldInput
FNDA:5,(anonymous_28)
FNDA:4,(anonymous_29)
FNDA:16,(anonymous_30)
FNDA:134,(anonymous_31)
FNDA:1,(anonymous_32)
FNDA:4,(anonymous_33)
DA:3,3
DA:4,3
DA:5,3
DA:6,3
DA:7,3
DA:8,3
DA:9,3
DA:14,62
DA:15,40
DA:16,16
DA:24,9
DA:25,9
DA:26,9
DA:27,5
DA:28,9
DA:30,5
DA:31,7
DA:32,5
DA:33,5
DA:34,5
DA:36,5
DA:37,2
DA:51,28
DA:59,125
DA:60,125
DA:61,125
DA:62,125
DA:63,125
DA:64,125
DA:65,125
DA:66,125
DA:67,125
DA:68,125
DA:70,131
DA:72,125
DA:73,44
DA:74,44
DA:75,44
DA:76,47
DA:77,44
DA:78,7
DA:79,7
DA:80,7
DA:81,13
DA:82,19
DA:83,19
DA:86,7
DA:87,13
DA:88,7
DA:90,37
DA:91,37
DA:92,37
DA:97,9
DA:98,9
DA:99,9
DA:101,9
DA:103,17
DA:106,17
DA:107,4
DA:108,4
DA:109,13
DA:110,2
DA:111,11
DA:112,5
DA:114,6
DA:117,17
DA:121,17
DA:122,9
DA:124,9
DA:125,1
DA:127,8
DA:132,2
DA:133,2
DA:134,2
DA:135,4
DA:137,4
DA:138,2
DA:139,2
DA:140,2
DA:141,1
DA:143,1
DA:147,125
DA:150,62
DA:154,5
DA:160,40
DA:165,4
DA:205,16
DA:211,134
DA:262,1
DA:273,4
LF:90
LH:90
BRDA:14,0,0,22
BRDA:14,0,1,40
BRDA:15,1,0,24
BRDA:15,1,1,16
BRDA:30,2,0,5
BRDA:30,2,1,0
BRDA:70,3,0,125
BRDA:70,3,1,63
BRDA:77,4,0,7
BRDA:77,4,1,37
BRDA:81,5,0,13
BRDA:81,5,1,0
BRDA:83,6,0,13
BRDA:83,6,1,6
BRDA:97,7,0,0
BRDA:97,7,1,9
BRDA:106,8,0,4
BRDA:106,8,1,13
BRDA:107,9,0,4
BRDA:107,9,1,0
BRDA:109,10,0,2
BRDA:109,10,1,11
BRDA:110,11,0,2
BRDA:110,11,1,0
BRDA:111,12,0,5
BRDA:111,12,1,6
BRDA:114,13,0,6
BRDA:114,13,1,0
BRDA:124,14,0,1
BRDA:124,14,1,8
BRDA:140,15,0,1
BRDA:140,15,1,1
BRDA:147,16,0,125
BRDA:147,16,1,62
BRDA:150,17,0,22
BRDA:150,17,1,40
BRDA:160,18,0,24
BRDA:160,18,1,16
BRDA:218,19,0,125
BRDA:219,20,0,24
BRDA:219,20,1,38
BRDA:225,21,0,125
BRDA:229,22,0,62
BRDA:229,22,1,42
BRDA:232,23,0,62
BRDA:238,24,0,125
BRDA:243,25,0,6
BRDA:245,26,0,0
BRDA:245,26,1,6
BRDA:254,27,0,6
BRF:50
BRH:43
end_of_record
TN:
SF:app/controlroom_frontend/components/DataTable.tsx
FN:27,makeSortingChangeHandler
FN:31,(anonymous_5)
FN:37,applyDirection
FN:41,useSortHandlers
FN:52,handleSortAdd
FN:54,(anonymous_9)
FN:60,handleSortRemove
FN:61,(anonymous_11)
FN:66,handleSortToggleDir
FN:67,(anonymous_13)
FN:75,useDefaultHiddenColumns
FN:79,(anonymous_15)
FN:84,(anonymous_16)
FN:92,useInfiniteScroll
FN:99,(anonymous_18)
FN:105,compareValues
FN:120,useNotifyVisibleData
FN:126,(anonymous_21)
FN:127,(anonymous_22)
FN:131,(anonymous_23)
FN:173,DataTable
FN:204,(anonymous_25)
FN:206,(anonymous_26)
FN:220,(anonymous_27)
FN:255,(anonymous_28)
FN:276,(anonymous_29)
FN:276,(anonymous_30)
FN:281,(anonymous_31)
FN:282,(anonymous_32)
FN:294,handleDragStart
FN:299,handleDrop
FN:302,(anonymous_35)
FN:316,handleClearFilters
FNF:33
FNH:18
FNDA:17,makeSortingChangeHandler
FNDA:0,(anonymous_5)
FNDA:0,applyDirection
FNDA:118,useSortHandlers
FNDA:0,handleSortAdd
FNDA:0,(anonymous_9)
FNDA:0,handleSortRemove
FNDA:0,(anonymous_11)
FNDA:0,handleSortToggleDir
FNDA:0,(anonymous_13)
FNDA:118,useDefaultHiddenColumns
FNDA:50,(anonymous_15)
FNDA:0,(anonymous_16)
FNDA:118,useInfiniteScroll
FNDA:70,(anonymous_18)
FNDA:0,compareValues
FNDA:118,useNotifyVisibleData
FNDA:34,(anonymous_21)
FNDA:65,(anonymous_22)
FNDA:2,(anonymous_23)
FNDA:118,DataTable
FNDA:64,(anonymous_25)
FNDA:0,(anonymous_26)
FNDA:34,(anonymous_27)
FNDA:66,(anonymous_28)
FNDA:65,(anonymous_29)
FNDA:69,(anonymous_30)
FNDA:3,(anonymous_31)
FNDA:117,(anonymous_32)
FNDA:0,handleDragStart
FNDA:0,handleDrop
FNDA:0,(anonymous_35)
FNDA:0,handleClearFilters
DA:3,3
DA:16,3
DA:17,3
DA:18,3
DA:19,3
DA:20,3
DA:24,3
DA:25,3
DA:31,17
DA:32,0
DA:33,0
DA:38,0
DA:47,118
DA:50,118
DA:53,0
DA:54,0
DA:55,0
DA:56,0
DA:57,0
DA:61,0
DA:62,0
DA:63,0
DA:67,0
DA:68,0
DA:69,0
DA:72,118
DA:79,118
DA:80,50
DA:81,121
DA:82,0
DA:83,0
DA:84,0
DA:85,0
DA:86,0
DA:99,118
DA:100,70
DA:101,0
DA:106,0
DA:107,0
DA:108,0
DA:109,0
DA:111,0
DA:112,0
DA:113,0
DA:124,118
DA:125,118
DA:126,118
DA:127,118
DA:128,65
DA:129,65
DA:131,2
DA:132,35
DA:133,30
DA:134,30
DA:173,115
DA:202,118
DA:204,118
DA:205,64
DA:206,0
DA:207,0
DA:208,0
DA:213,0
DA:215,0
DA:219,118
DA:220,118
DA:221,34
DA:222,34
DA:223,73
DA:224,0
DA:225,0
DA:227,34
DA:229,118
DA:231,118
DA:232,118
DA:233,118
DA:234,118
DA:238,118
DA:240,118
DA:241,118
DA:242,118
DA:244,118
DA:255,66
DA:273,118
DA:276,118
DA:277,118
DA:279,118
DA:281,3
DA:282,117
DA:286,118
DA:287,118
DA:288,118
DA:289,118
DA:291,118
DA:292,118
DA:295,0
DA:296,0
DA:300,0
DA:301,0
DA:302,0
DA:303,0
DA:304,0
DA:305,0
DA:306,0
DA:307,0
DA:308,0
DA:309,0
DA:312,118
DA:317,0
DA:318,0
LF:109
LH:61
BRDA:32,0,0,0
BRDA:32,0,1,0
BRDA:32,1,0,0
BRDA:32,1,1,0
BRDA:38,2,0,0
BRDA:38,2,1,0
BRDA:48,3,0,0
BRDA:48,3,1,118
BRDA:48,4,0,118
BRDA:48,4,1,101
BRDA:50,5,0,17
BRDA:50,5,1,101
BRDA:50,6,0,17
BRDA:50,6,1,0
BRDA:53,7,0,0
BRDA:53,7,1,0
BRDA:54,8,0,0
BRDA:54,8,1,0
BRDA:67,9,0,0
BRDA:67,9,1,0
BRDA:81,10,0,121
BRDA:81,10,1,0
BRDA:82,11,0,0
BRDA:82,11,1,0
BRDA:83,12,0,0
BRDA:83,12,1,0
BRDA:85,13,0,0
BRDA:85,13,1,0
BRDA:100,14,0,70
BRDA:100,14,1,0
BRDA:100,15,0,70
BRDA:100,15,1,36
BRDA:100,15,2,0
BRDA:101,16,0,0
BRDA:101,16,1,0
BRDA:101,17,0,0
BRDA:101,17,1,0
BRDA:106,18,0,0
BRDA:106,18,1,0
BRDA:106,19,0,0
BRDA:106,19,1,0
BRDA:107,20,0,0
BRDA:107,20,1,0
BRDA:108,21,0,0
BRDA:108,21,1,0
BRDA:108,22,0,0
BRDA:108,22,1,0
BRDA:111,23,0,0
BRDA:111,23,1,0
BRDA:112,24,0,0
BRDA:112,24,1,0
BRDA:129,25,0,35
BRDA:129,25,1,30
BRDA:130,26,0,65
BRDA:130,26,1,35
BRDA:177,27,0,2
BRDA:185,28,0,101
BRDA:189,29,0,101
BRDA:205,30,0,64
BRDA:205,30,1,0
BRDA:205,31,0,64
BRDA:205,31,1,53
BRDA:213,32,0,0
BRDA:213,32,1,0
BRDA:223,33,0,73
BRDA:223,33,1,0
BRDA:224,34,0,0
BRDA:224,34,1,0
BRDA:225,35,0,0
BRDA:225,35,1,0
BRDA:231,36,0,118
BRDA:231,36,1,3
BRDA:232,37,0,118
BRDA:232,37,1,3
BRDA:233,38,0,118
BRDA:233,38,1,3
BRDA:234,39,0,118
BRDA:234,39,1,3
BRDA:253,40,0,118
BRDA:253,40,1,97
BRDA:255,41,0,115
BRDA:255,41,1,3
BRDA:260,42,0,17
BRDA:260,42,1,101
BRDA:288,43,0,82
BRDA:288,43,1,36
BRDA:289,44,0,82
BRDA:289,44,1,36
BRDA:292,45,0,118
BRDA:292,45,1,101
BRDA:301,46,0,0
BRDA:301,46,1,0
BRDA:301,47,0,0
BRDA:301,47,1,0
BRDA:312,48,0,17
BRDA:312,48,1,101
BRDA:313,49,0,17
BRDA:313,49,1,0
BRF:98
BRH:44
end_of_record
TN:
SF:app/controlroom_frontend/components/DataTableBody.tsx
FN:22,DataTableBody
FN:33,(anonymous_5)
FN:34,(anonymous_6)
FN:37,(anonymous_7)
FN:39,(anonymous_8)
FN:70,(anonymous_9)
FN:81,(anonymous_10)
FN:83,(anonymous_11)
FNF:8
FNH:8
FNDA:124,DataTableBody
FNDA:330,(anonymous_5)
FNDA:71,(anonymous_6)
FNDA:330,(anonymous_7)
FNDA:710,(anonymous_8)
FNDA:192,(anonymous_9)
FNDA:8,(anonymous_10)
FNDA:411,(anonymous_11)
DA:3,4
DA:4,4
DA:6,4
DA:7,4
DA:9,4
DA:22,124
DA:32,124
DA:33,330
DA:34,71
DA:38,330
DA:40,710
DA:50,91
DA:71,192
DA:72,192
DA:81,8
DA:84,411
LF:16
LH:16
BRDA:32,0,0,33
BRDA:32,0,1,91
BRDA:50,1,0,4
BRDA:50,1,1,87
BRDA:67,2,0,87
BRDA:77,3,0,192
BRDA:77,3,1,187
BRDA:78,4,0,192
BRDA:78,4,1,7
BRDA:95,5,0,87
BRDA:98,6,0,87
BRF:11
BRH:11
end_of_record
TN:
SF:app/controlroom_frontend/components/DataTableHeader.tsx
FN:10,renderFilterCell
FN:24,(anonymous_5)
FN:31,(anonymous_6)
FN:48,DataTableHeader
FN:59,(anonymous_8)
FN:62,(anonymous_9)
FN:65,(anonymous_10)
FN:66,(anonymous_11)
FN:78,(anonymous_12)
FN:93,(anonymous_13)
FN:97,(anonymous_14)
FN:101,(anonymous_15)
FN:113,(anonymous_16)
FNF:13
FNH:7
FNDA:267,renderFilterCell
FNDA:0,(anonymous_5)
FNDA:1,(anonymous_6)
FNDA:128,DataTableHeader
FNDA:128,(anonymous_8)
FNDA:267,(anonymous_9)
FNDA:0,(anonymous_10)
FNDA:1,(anonymous_11)
FNDA:0,(anonymous_12)
FNDA:0,(anonymous_13)
FNDA:0,(anonymous_14)
FNDA:0,(anonymous_15)
FNDA:267,(anonymous_16)
DA:3,5
DA:4,5
DA:5,5
DA:6,5
DA:7,5
DA:17,267
DA:18,241
DA:31,1
DA:48,128
DA:60,128
DA:63,267
DA:65,0
DA:66,1
DA:78,0
DA:94,0
DA:95,0
DA:98,0
DA:99,0
DA:101,0
DA:114,267
DA:115,267
LF:21
LH:14
BRDA:17,0,0,26
BRDA:17,0,1,241
BRDA:18,1,0,38
BRDA:18,1,1,203
BRDA:24,2,0,38
BRDA:24,2,1,0
BRDA:30,3,0,203
BRDA:30,3,1,199
BRDA:31,4,0,1
BRDA:31,4,1,0
BRDA:70,5,0,267
BRDA:70,5,1,1
BRDA:84,6,0,0
BRDA:84,6,1,267
BRDA:89,7,0,267
BRDA:105,8,0,236
BRDA:105,8,1,0
BRF:17
BRH:13
end_of_record
TN:
SF:app/controlroom_frontend/components/DataTableToolbar.tsx
FN:24,ColumnMenu
FN:28,(anonymous_5)
FN:30,handleClick
FN:36,(anonymous_7)
FN:43,(anonymous_8)
FN:43,(anonymous_9)
FN:51,(anonymous_10)
FN:51,(anonymous_11)
FN:75,ResetViewButton
FN:90,DataTableToolbar
FN:105,(anonymous_14)
FN:107,handleClick
FN:113,(anonymous_16)
FN:116,(anonymous_17)
FN:116,(anonymous_18)
FN:119,handleAddField
FN:142,(anonymous_20)
FN:143,(anonymous_21)
FN:152,(anonymous_22)
FN:162,(anonymous_23)
FN:176,(anonymous_24)
FN:176,(anonymous_25)
FN:187,(anonymous_26)
FN:191,(anonymous_27)
FNF:24
FNH:22
FNDA:144,ColumnMenu
FNDA:57,(anonymous_5)
FNDA:0,handleClick
FNDA:3,(anonymous_7)
FNDA:3,(anonymous_8)
FNDA:3,(anonymous_9)
FNDA:4,(anonymous_10)
FNDA:3,(anonymous_11)
FNDA:141,ResetViewButton
FNDA:141,DataTableToolbar
FNDA:57,(anonymous_14)
FNDA:0,handleClick
FNDA:2,(anonymous_16)
FNDA:30,(anonymous_17)
FNDA:39,(anonymous_18)
FNDA:1,handleAddField
FNDA:15,(anonymous_20)
FNDA:21,(anonymous_21)
FNDA:1,(anonymous_22)
FNDA:1,(anonymous_23)
FNDA:2,(anonymous_24)
FNDA:2,(anonymous_25)
FNDA:4,(anonymous_26)
FNDA:1,(anonymous_27)
DA:3,4
DA:5,4
DA:6,4
DA:9,4
DA:25,144
DA:26,144
DA:28,144
DA:29,57
DA:31,0
DA:32,0
DA:35,3
DA:36,3
DA:43,3
DA:51,4
DA:52,3
DA:53,3
DA:54,3
DA:76,141
DA:90,138
DA:102,141
DA:103,141
DA:105,141
DA:106,57
DA:108,0
DA:109,0
DA:112,2
DA:113,2
DA:116,141
DA:117,141
DA:120,1
DA:121,1
DA:143,21
DA:144,15
DA:152,1
DA:162,1
DA:176,2
DA:188,4
DA:191,1
LF:38
LH:34
BRDA:29,0,0,54
BRDA:29,0,1,3
BRDA:31,1,0,0
BRDA:31,1,1,0
BRDA:31,2,0,0
BRDA:31,2,1,0
BRDA:49,3,0,144
BRDA:53,4,0,2
BRDA:53,4,1,1
BRDA:76,5,0,134
BRDA:76,5,1,7
BRDA:76,6,0,141
BRDA:76,6,1,8
BRDA:95,7,0,13
BRDA:106,8,0,55
BRDA:106,8,1,2
BRDA:108,9,0,0
BRDA:108,9,1,0
BRDA:108,10,0,0
BRDA:108,10,1,0
BRDA:116,11,0,141
BRDA:116,11,1,131
BRDA:117,12,0,141
BRDA:117,12,1,10
BRDA:117,12,2,10
BRDA:117,12,3,9
BRDA:127,13,0,141
BRDA:133,14,0,1
BRDA:133,14,1,10
BRDA:140,15,0,141
BRDA:140,15,1,10
BRDA:149,16,0,15
BRDA:149,16,1,0
BRDA:153,17,0,2
BRDA:153,17,1,13
BRDA:157,18,0,2
BRDA:163,19,0,15
BRDA:163,19,1,0
BRDA:172,20,0,10
BRDA:185,21,0,9
BRF:40
BRH:30
end_of_record
TN:
SF:app/controlroom_frontend/components/DiffModal.tsx
FN:8,timeAgo
FN:21,DiffBody
FN:37,(anonymous_6)
FN:66,(anonymous_7)
FN:77,DiffModal
FN:81,(anonymous_9)
FNF:6
FNH:6
FNDA:11,timeAgo
FNDA:11,DiffBody
FNDA:7,(anonymous_6)
FNDA:2,(anonymous_7)
FNDA:11,DiffModal
FNDA:3,(anonymous_9)
DA:3,2
DA:4,2
DA:5,2
DA:9,11
DA:10,11
DA:11,11
DA:12,2
DA:13,2
DA:22,11
DA:23,8
DA:24,8
DA:38,7
DA:49,3
DA:50,3
DA:54,2
DA:55,2
DA:67,2
DA:77,11
DA:78,11
DA:81,3
LF:20
LH:20
BRDA:10,0,0,0
BRDA:10,0,1,11
BRDA:11,1,0,9
BRDA:11,1,1,2
BRDA:12,2,0,0
BRDA:12,2,1,2
BRDA:22,3,0,8
BRDA:22,3,1,3
BRDA:22,4,0,11
BRDA:22,4,1,8
BRDA:22,4,2,8
BRDA:24,5,0,1
BRDA:24,5,1,7
BRDA:49,6,0,2
BRDA:49,6,1,1
BRDA:50,7,0,1
BRDA:50,7,1,2
BRDA:54,8,0,1
BRDA:54,8,1,1
BRDA:55,9,0,1
BRDA:55,9,1,1
BRDA:78,10,0,11
BRDA:78,10,1,3
BRDA:81,11,0,3
BRDA:81,11,1,3
BRF:25
BRH:23
end_of_record
TN:
SF:app/controlroom_frontend/components/FieldRow.tsx
FN:10,FieldRow
FNF:1
FNH:1
FNDA:762,FieldRow
DA:1,9
DA:2,9
DA:10,762
DA:12,762
LF:4
LH:4
BRDA:12,0,0,762
BRDA:12,0,1,666
BRDA:12,0,2,665
BRDA:12,0,3,663
BRDA:12,0,4,1
BRDA:23,1,0,100
BRDA:23,1,1,662
BRF:7
BRH:7
end_of_record
TN:
SF:app/controlroom_frontend/components/FilterCell.tsx
FN:36,isDateOperator
FN:40,FilterCell
FN:54,(anonymous_6)
FN:55,handleClick
FN:61,(anonymous_8)
FN:64,handleOperatorSelect
FN:70,handleValueChange
FN:78,handleValueEndChange
FN:82,handleClear
FN:95,(anonymous_13)
FN:95,(anonymous_14)
FN:108,(anonymous_15)
FN:112,(anonymous_16)
FNF:13
FNH:11
FNDA:56,isDateOperator
FNDA:56,FilterCell
FNDA:28,(anonymous_6)
FNDA:0,handleClick
FNDA:28,(anonymous_8)
FNDA:2,handleOperatorSelect
FNDA:4,handleValueChange
FNDA:0,handleValueEndChange
FNDA:1,handleClear
FNDA:3,(anonymous_13)
FNDA:3,(anonymous_14)
FNDA:15,(anonymous_15)
FNDA:2,(anonymous_16)
DA:3,6
DA:4,6
DA:5,6
DA:15,6
DA:24,6
DA:30,6
DA:37,56
DA:40,51
DA:41,56
DA:42,56
DA:44,56
DA:45,56
DA:46,56
DA:47,56
DA:48,56
DA:49,56
DA:50,56
DA:52,56
DA:54,56
DA:56,0
DA:57,0
DA:60,28
DA:61,28
DA:65,2
DA:66,2
DA:67,2
DA:71,4
DA:72,1
DA:73,1
DA:75,3
DA:79,0
DA:83,1
DA:86,56
DA:95,3
DA:109,15
DA:112,2
LF:36
LH:33
BRDA:44,0,0,56
BRDA:44,0,1,37
BRDA:45,1,0,56
BRDA:45,1,1,37
BRDA:46,2,0,56
BRDA:46,2,1,56
BRDA:50,3,0,2
BRDA:50,3,1,54
BRDA:52,4,0,56
BRDA:52,4,1,45
BRDA:56,5,0,0
BRDA:56,5,1,0
BRDA:56,6,0,0
BRDA:56,6,1,0
BRDA:66,7,0,1
BRDA:66,7,1,1
BRDA:71,8,0,1
BRDA:71,8,1,3
BRDA:75,9,0,3
BRDA:75,9,1,3
BRDA:79,10,0,0
BRDA:79,10,1,0
BRDA:90,11,0,56
BRDA:98,12,0,19
BRDA:98,12,1,36
BRDA:106,13,0,55
BRDA:115,14,0,15
BRDA:115,14,1,3
BRDA:126,15,0,56
BRDA:126,15,1,54
BRDA:128,16,0,0
BRDA:128,16,1,54
BRDA:131,17,0,0
BRDA:131,17,1,54
BRDA:132,18,0,0
BRDA:132,18,1,54
BRDA:136,19,0,56
BRDA:154,20,0,56
BRF:38
BRH:29
end_of_record
TN:
SF:app/controlroom_frontend/components/ModelLinks.tsx
FN:13,ModelLinks
FN:20,handleClick
FN:32,(anonymous_6)
FN:37,(anonymous_7)
FN:46,(anonymous_8)
FN:47,(anonymous_9)
FNF:6
FNH:5
FNDA:15,ModelLinks
FNDA:3,handleClick
FNDA:8,(anonymous_6)
FNDA:3,(anonymous_7)
FNDA:1,(anonymous_8)
FNDA:0,(anonymous_9)
DA:3,2
DA:4,2
DA:5,2
DA:6,2
DA:13,12
DA:14,15
DA:16,15
DA:21,3
DA:22,3
DA:23,2
DA:33,8
DA:37,3
DA:46,1
LF:13
LH:13
BRDA:16,0,0,8
BRDA:16,0,1,7
BRDA:16,1,0,15
BRDA:16,1,1,14
BRDA:43,2,0,7
BRF:5
BRH:5
end_of_record
TN:
SF:app/controlroom_frontend/components/ParentLinks.tsx
FN:8,ParentLinks
FN:15,(anonymous_5)
FNF:2
FNH:2
FNDA:41,ParentLinks
FNDA:4,(anonymous_5)
DA:1,4
DA:8,41
DA:9,41
DA:16,4
LF:4
LH:4
BRDA:9,0,0,38
BRDA:9,0,1,3
BRDA:9,1,0,41
BRDA:9,1,1,39
BRDA:22,2,0,4
BRDA:22,2,1,1
BRF:6
BRH:6
end_of_record
TN:
SF:app/controlroom_frontend/components/RecordHistoryView.tsx
FN:16,formatTs
FN:20,OperationBadge
FN:33,DiffTable
FN:39,(anonymous_7)
FN:51,RecordHistoryView
FN:56,(anonymous_9)
FN:59,(anonymous_10)
FN:84,handleUndo
FN:98,(anonymous_12)
FN:121,(anonymous_13)
FNF:10
FNH:10
FNDA:12,formatTs
FNDA:12,OperationBadge
FNDA:10,DiffTable
FNDA:10,(anonymous_7)
FNDA:28,RecordHistoryView
FNDA:14,(anonymous_9)
FNDA:1,(anonymous_10)
FNDA:1,handleUndo
FNDA:12,(anonymous_12)
FNDA:1,(anonymous_13)
DA:3,9
DA:4,9
DA:5,9
DA:6,9
DA:7,9
DA:17,12
DA:21,12
DA:34,10
DA:40,10
DA:51,14
DA:52,28
DA:53,28
DA:54,28
DA:56,28
DA:57,14
DA:59,1
DA:62,28
DA:71,27
DA:80,13
DA:85,1
DA:86,1
DA:87,1
DA:88,1
DA:90,0
DA:92,1
DA:99,12
DA:100,12
DA:102,12
DA:121,1
LF:29
LH:28
BRDA:27,0,0,12
BRDA:27,0,1,0
BRDA:59,1,0,1
BRDA:59,1,1,0
BRDA:62,2,0,1
BRDA:62,2,1,27
BRDA:71,3,0,14
BRDA:71,3,1,13
BRDA:80,4,0,1
BRDA:80,4,1,12
BRDA:90,5,0,0
BRDA:90,5,1,0
BRDA:99,6,0,12
BRDA:99,6,1,12
BRDA:99,6,2,11
BRDA:111,7,0,12
BRDA:114,8,0,12
BRDA:114,8,1,1
BRDA:117,9,0,12
BRDA:125,10,0,1
BRDA:136,11,0,12
BRDA:139,12,0,12
BRDA:142,13,0,12
BRDA:142,13,1,10
BRDA:142,13,2,10
BRF:25
BRH:21
end_of_record
TN:
SF:app/controlroom_frontend/components/RecordModal.tsx
FN:28,isFocusedInFormElement
FN:35,RecordNavigationHeader
FN:82,RecordModal
FN:102,(anonymous_10)
FN:104,handleKey
FN:110,(anonymous_12)
FN:113,handleDelete
FN:121,handleCancelDelete
FN:126,(anonymous_15)
FN:130,renderDeleteControls
FN:174,renderFooter
FN:233,(anonymous_18)
FNF:12
FNH:11
FNDA:6,isFocusedInFormElement
FNDA:297,RecordNavigationHeader
FNDA:371,RecordModal
FNDA:193,(anonymous_10)
FNDA:6,handleKey
FNDA:93,(anonymous_12)
FNDA:28,handleDelete
FNDA:2,handleCancelDelete
FNDA:193,(anonymous_15)
FNDA:369,renderDeleteControls
FNDA:371,renderFooter
FNDA:0,(anonymous_18)
DA:3,12
DA:10,12
DA:11,12
DA:12,12
DA:17,12
DA:21,47
DA:24,12
DA:29,6
DA:30,6
DA:31,6
DA:36,297
DA:37,297
DA:82,279
DA:96,371
DA:97,371
DA:98,371
DA:102,371
DA:103,193
DA:105,6
DA:106,2
DA:107,1
DA:109,93
DA:110,93
DA:114,28
DA:115,11
DA:117,17
DA:122,2
DA:126,371
DA:127,193
DA:131,369
DA:175,371
DA:205,100
DA:233,0
LF:33
LH:32
BRDA:29,0,0,4
BRDA:29,0,1,2
BRDA:30,1,0,0
BRDA:30,1,1,6
BRDA:31,2,0,6
BRDA:31,2,1,3
BRDA:37,3,0,283
BRDA:37,3,1,14
BRDA:91,4,0,54
BRDA:92,5,0,54
BRDA:93,6,0,52
BRDA:103,7,0,100
BRDA:103,7,1,93
BRDA:105,8,0,4
BRDA:105,8,1,2
BRDA:106,9,0,1
BRDA:106,9,1,1
BRDA:107,10,0,1
BRDA:107,10,1,0
BRDA:114,11,0,11
BRDA:114,11,1,17
BRDA:131,12,0,34
BRDA:131,12,1,335
BRDA:141,13,0,2
BRDA:141,13,1,32
BRDA:175,14,0,271
BRDA:175,14,1,100
BRDA:183,15,0,271
BRDA:183,15,1,270
BRDA:191,16,0,271
BRDA:191,16,1,270
BRDA:193,17,0,1
BRDA:193,17,1,270
BRDA:205,18,0,1
BRDA:205,18,1,99
BRDA:214,19,0,99
BRDA:214,19,1,98
BRDA:215,20,0,99
BRDA:220,21,0,99
BRDA:233,22,0,0
BRDA:233,22,1,0
BRDA:245,23,0,371
BRF:42
BRH:38
end_of_record
TN:
SF:app/controlroom_frontend/components/SearchRecordModal.tsx
FN:46,SearchRecordSkeleton
FN:48,(anonymous_16)
FN:58,SearchRecordModal
FN:65,(anonymous_18)
FN:70,(anonymous_19)
FN:74,(anonymous_20)
FN:79,(anonymous_21)
FNF:7
FNH:6
FNDA:11,SearchRecordSkeleton
FNDA:0,(anonymous_16)
FNDA:20,SearchRecordModal
FNDA:10,(anonymous_18)
FNDA:12,(anonymous_19)
FNDA:2,(anonymous_20)
FNDA:20,(anonymous_21)
DA:3,1
DA:4,1
DA:5,1
DA:6,1
DA:7,1
DA:8,1
DA:9,1
DA:10,1
DA:11,1
DA:15,1
DA:16,1
DA:17,1
DA:18,1
DA:19,1
DA:20,1
DA:21,1
DA:26,1
DA:48,0
DA:58,11
DA:59,20
DA:60,20
DA:61,20
DA:63,20
DA:65,10
DA:70,20
DA:71,12
DA:74,20
DA:75,2
DA:76,2
DA:79,20
DA:80,20
DA:85,20
LF:32
LH:31
BRDA:48,0,0,0
BRDA:48,0,1,0
BRDA:66,1,0,20
BRDA:66,1,1,19
BRDA:71,2,0,1
BRDA:71,2,1,11
BRDA:85,3,0,1
BRDA:85,3,1,19
BRDA:85,4,0,20
BRDA:85,4,1,19
BRDA:86,5,0,19
BRDA:86,5,1,9
BRF:12
BRH:10
end_of_record
TN:
SF:app/controlroom_frontend/components/TablePage.tsx
FN:25,makeCheckboxColumn
FN:32,(anonymous_5)
FN:40,(anonymous_6)
FN:44,(anonymous_7)
FN:57,(anonymous_9)
FN:64,getNavProviderKey
FN:75,useCheckboxSelection
FN:84,(anonymous_12)
FN:84,(anonymous_13)
FN:90,(anonymous_14)
FN:100,OpenIdHandler
FN:110,(anonymous_16)
FN:113,(anonymous_17)
FN:137,TablePage
FN:155,(anonymous_19)
FN:175,(anonymous_20)
FN:176,(anonymous_21)
FN:179,(anonymous_22)
FN:182,handleMutate
FN:182,(anonymous_24)
FN:183,handleAdd
FN:184,handleRowClick
FN:185,handleClose
FN:186,handleBulkApply
FN:223,(anonymous_29)
FN:225,(anonymous_30)
FNF:26
FNH:24
FNDA:31,makeCheckboxColumn
FNDA:21,(anonymous_5)
FNDA:42,(anonymous_6)
FNDA:2,(anonymous_7)
FNDA:2,(anonymous_9)
FNDA:17,getNavProviderKey
FNDA:112,useCheckboxSelection
FNDA:67,(anonymous_12)
FNDA:78,(anonymous_13)
FNDA:31,(anonymous_14)
FNDA:112,OpenIdHandler
FNDA:112,(anonymous_16)
FNDA:2,(anonymous_17)
FNDA:112,TablePage
FNDA:29,(anonymous_19)
FNDA:2,(anonymous_20)
FNDA:2,(anonymous_21)
FNDA:0,(anonymous_22)
FNDA:1,handleMutate
FNDA:0,(anonymous_24)
FNDA:3,handleAdd
FNDA:8,handleRowClick
FNDA:2,handleClose
FNDA:1,handleBulkApply
FNDA:2,(anonymous_29)
FNDA:1,(anonymous_30)
DA:3,2
DA:4,2
DA:5,2
DA:7,2
DA:8,2
DA:9,2
DA:10,2
DA:11,2
DA:12,2
DA:13,2
DA:16,2
DA:17,2
DA:18,2
DA:19,2
DA:26,31
DA:33,21
DA:34,21
DA:40,42
DA:44,2
DA:57,2
DA:65,17
DA:81,112
DA:83,112
DA:84,78
DA:90,112
DA:92,112
DA:104,112
DA:105,112
DA:106,112
DA:107,112
DA:108,112
DA:110,112
DA:111,112
DA:112,2
DA:113,2
DA:116,112
DA:137,31
DA:148,112
DA:149,112
DA:150,112
DA:151,112
DA:152,112
DA:154,112
DA:155,112
DA:157,112
DA:164,112
DA:170,112
DA:173,112
DA:175,112
DA:176,2
DA:177,2
DA:178,2
DA:182,1
DA:183,3
DA:184,8
DA:185,2
DA:186,1
DA:188,112
DA:223,2
DA:225,1
LF:60
LH:60
BRDA:40,0,0,21
BRDA:40,0,1,21
BRDA:40,1,0,21
BRDA:40,1,1,19
BRDA:65,2,0,3
BRDA:65,2,1,14
BRDA:92,3,0,21
BRDA:92,3,1,91
BRDA:111,4,0,110
BRDA:111,4,1,2
BRDA:111,5,0,112
BRDA:111,5,1,6
BRDA:146,6,0,95
BRDA:151,7,0,112
BRDA:151,7,1,106
BRDA:151,7,2,21
BRDA:159,8,0,112
BRDA:159,8,1,98
BRDA:165,9,0,112
BRDA:165,9,1,35
BRDA:188,10,0,21
BRDA:188,10,1,91
BRDA:200,11,0,112
BRDA:203,12,0,112
BRDA:212,13,0,112
BRDA:214,14,0,1
BRDA:214,14,1,0
BRDA:218,15,0,112
BRDA:218,15,1,21
BRDA:221,16,0,4
BRDA:221,16,1,0
BRDA:249,17,0,112
BRDA:249,17,1,17
BRF:33
BRH:31
end_of_record
TN:
SF:app/controlroom_frontend/components/TypeBadges.tsx
FN:10,TypeBadges
FN:20,(anonymous_5)
FNF:2
FNH:2
FNDA:143,TypeBadges
FNDA:8,(anonymous_5)
DA:1,7
DA:3,7
DA:10,143
DA:11,143
DA:15,3
DA:16,3
DA:21,8
LF:7
LH:7
BRDA:11,0,0,140
BRDA:11,0,1,3
BRDA:11,1,0,143
BRDA:11,1,1,141
BRDA:15,2,0,2
BRDA:15,2,1,1
BRDA:16,3,0,2
BRDA:16,3,1,1
BRDA:25,4,0,3
BRF:9
BRH:9
end_of_record
TN:
SF:app/controlroom_frontend/components/layout/Sidebar.tsx
FN:78,SidebarNavGroup
FN:82,(anonymous_6)
FN:90,(anonymous_7)
FN:114,getInitialOpenGroups
FN:115,(anonymous_9)
FN:116,(anonymous_10)
FN:121,Sidebar
FN:127,(anonymous_12)
FN:131,handleSignOut
FN:135,handleSearch
FN:142,toggleGroup
FN:143,(anonymous_16)
FN:192,(anonymous_17)
FN:202,(anonymous_18)
FN:202,(anonymous_19)
FNF:15
FNH:15
FNDA:115,SidebarNavGroup
FNDA:7,(anonymous_6)
FNDA:25,(anonymous_7)
FNDA:18,getInitialOpenGroups
FNDA:82,(anonymous_9)
FNDA:370,(anonymous_10)
FNDA:27,Sidebar
FNDA:18,(anonymous_12)
FNDA:2,handleSignOut
FNDA:2,handleSearch
FNDA:7,toggleGroup
FNDA:7,(anonymous_16)
FNDA:2,(anonymous_17)
FNDA:135,(anonymous_18)
FNDA:115,(anonymous_19)
DA:3,1
DA:4,1
DA:5,1
DA:6,1
DA:7,1
DA:8,1
DA:20,1
DA:82,7
DA:91,25
DA:92,25
DA:115,18
DA:116,370
DA:118,18
DA:121,18
DA:122,27
DA:123,27
DA:124,27
DA:126,27
DA:127,18
DA:129,27
DA:132,2
DA:136,2
DA:137,2
DA:138,2
DA:139,1
DA:143,7
DA:144,7
DA:145,7
DA:146,1
DA:148,6
DA:150,7
DA:192,2
DA:202,135
DA:203,115
LF:34
LH:34
BRDA:86,0,0,115
BRDA:86,0,1,107
BRDA:88,1,0,115
BRDA:91,2,0,25
BRDA:91,2,1,24
BRDA:98,3,0,2
BRDA:98,3,1,23
BRDA:116,4,0,370
BRDA:116,4,1,369
BRDA:118,5,0,2
BRDA:118,5,1,16
BRDA:132,6,0,1
BRDA:132,6,1,1
BRDA:138,7,0,1
BRDA:138,7,1,1
BRDA:145,8,0,1
BRDA:145,8,1,6
BRDA:202,9,0,135
BRDA:202,9,1,27
BRF:19
BRH:19
end_of_record
TN:
SF:app/controlroom_frontend/components/tables/brands/BrandModal.tsx
FN:32,getBrandTitle
FN:39,buildBrandPayload
FN:56,BrandEditForm
FN:64,(anonymous_7)
FN:73,(anonymous_8)
FN:83,(anonymous_9)
FN:93,(anonymous_10)
FN:103,(anonymous_11)
FN:112,(anonymous_12)
FN:121,(anonymous_13)
FN:130,BrandViewDetails
FN:168,toForm
FN:191,BrandModal
FN:196,(anonymous_17)
FN:197,(anonymous_18)
FN:211,(anonymous_19)
FNF:16
FNH:10
FNDA:27,getBrandTitle
FNDA:4,buildBrandPayload
FNDA:19,BrandEditForm
FNDA:1,(anonymous_7)
FNDA:2,(anonymous_8)
FNDA:0,(anonymous_9)
FNDA:0,(anonymous_10)
FNDA:0,(anonymous_11)
FNDA:0,(anonymous_12)
FNDA:0,(anonymous_13)
FNDA:8,BrandViewDetails
FNDA:12,toForm
FNDA:27,BrandModal
FNDA:4,(anonymous_17)
FNDA:19,(anonymous_18)
FNDA:0,(anonymous_19)
DA:3,1
DA:5,1
DA:6,1
DA:7,1
DA:8,1
DA:9,1
DA:10,1
DA:11,1
DA:12,1
DA:14,1
DA:33,27
DA:34,27
DA:35,19
DA:36,8
DA:40,4
DA:41,4
DA:42,4
DA:43,4
DA:44,4
DA:45,4
DA:46,4
DA:47,4
DA:48,4
DA:64,1
DA:73,2
DA:83,0
DA:93,0
DA:103,0
DA:112,0
DA:121,0
DA:169,12
DA:170,4
DA:180,8
DA:191,12
DA:193,27
DA:196,4
DA:197,19
DA:211,0
LF:38
LH:32
BRDA:33,0,0,0
BRDA:33,0,1,27
BRDA:33,1,0,0
BRDA:33,1,1,0
BRDA:33,1,2,0
BRDA:34,2,0,8
BRDA:34,2,1,19
BRDA:35,3,0,11
BRDA:35,3,1,8
BRDA:35,4,0,11
BRDA:35,4,1,0
BRDA:35,4,2,0
BRDA:36,5,0,8
BRDA:36,5,1,0
BRDA:36,5,2,0
BRDA:41,6,0,3
BRDA:41,6,1,1
BRDA:43,7,0,0
BRDA:43,7,1,4
BRDA:44,8,0,2
BRDA:44,8,1,2
BRDA:45,9,0,2
BRDA:45,9,1,2
BRDA:46,10,0,2
BRDA:46,10,1,2
BRDA:47,11,0,2
BRDA:47,11,1,2
BRDA:141,12,0,8
BRDA:141,12,1,0
BRDA:158,13,0,8
BRDA:158,13,1,0
BRDA:162,14,0,8
BRDA:162,14,1,0
BRDA:169,15,0,4
BRDA:169,15,1,8
BRDA:181,16,0,8
BRDA:181,16,1,0
BRDA:182,17,0,8
BRDA:182,17,1,0
BRDA:183,18,0,0
BRDA:183,18,1,8
BRDA:184,19,0,8
BRDA:184,19,1,0
BRDA:185,20,0,8
BRDA:185,20,1,0
BRDA:186,21,0,8
BRDA:186,21,1,0
BRDA:187,22,0,8
BRDA:187,22,1,0
BRDA:208,23,0,0
BRDA:215,24,0,27
BRDA:221,25,0,19
BRDA:222,26,0,8
BRF:53
BRH:33
end_of_record
TN:
SF:app/controlroom_frontend/components/tables/config/ConfigModal.tsx
FN:25,toForm
FN:33,buildConfigPayload
FN:40,getConfigTitle
FN:47,ConfigModal
FN:52,(anonymous_8)
FN:53,(anonymous_9)
FN:67,(anonymous_10)
FN:82,(anonymous_11)
FN:91,(anonymous_12)
FNF:9
FNH:7
FNDA:10,toForm
FNDA:4,buildConfigPayload
FNDA:23,getConfigTitle
FNDA:23,ConfigModal
FNDA:3,(anonymous_8)
FNDA:15,(anonymous_9)
FNDA:0,(anonymous_10)
FNDA:3,(anonymous_11)
FNDA:0,(anonymous_12)
DA:3,1
DA:5,1
DA:6,1
DA:7,1
DA:8,1
DA:9,1
DA:10,1
DA:11,1
DA:26,10
DA:27,6
DA:34,4
DA:35,4
DA:36,4
DA:37,4
DA:41,23
DA:42,23
DA:43,15
DA:44,6
DA:47,10
DA:49,23
DA:52,3
DA:53,15
DA:67,0
DA:82,3
DA:91,0
LF:25
LH:23
BRDA:26,0,0,4
BRDA:26,0,1,6
BRDA:28,1,0,6
BRDA:28,1,1,0
BRDA:29,2,0,6
BRDA:29,2,1,0
BRDA:35,3,0,4
BRDA:35,3,1,0
BRDA:36,4,0,2
BRDA:36,4,1,2
BRDA:41,5,0,0
BRDA:41,5,1,23
BRDA:41,6,0,0
BRDA:41,6,1,0
BRDA:42,7,0,8
BRDA:42,7,1,15
BRDA:43,8,0,9
BRDA:43,8,1,6
BRDA:64,9,0,0
BRDA:71,10,0,23
BRDA:76,11,0,17
BRF:21
BRH:14
end_of_record
TN:
SF:app/controlroom_frontend/components/tables/effects/EffectModal.tsx
FN:49,getEffectTitle
FN:56,buildEffectPayload
FN:76,toForm
FN:94,(anonymous_7)
FN:108,EffectModal
FN:113,(anonymous_9)
FN:114,(anonymous_10)
FN:129,(anonymous_11)
FN:141,(anonymous_12)
FN:145,(anonymous_13)
FN:149,(anonymous_14)
FN:153,(anonymous_15)
FN:160,(anonymous_16)
FN:165,(anonymous_17)
FN:169,(anonymous_18)
FN:173,(anonymous_19)
FN:177,(anonymous_20)
FN:181,(anonymous_21)
FN:185,(anonymous_22)
FN:189,(anonymous_23)
FN:193,(anonymous_24)
FN:197,(anonymous_25)
FN:202,(anonymous_26)
FNF:23
FNH:7
FNDA:30,getEffectTitle
FNDA:6,buildEffectPayload
FNDA:12,toForm
FNDA:0,(anonymous_7)
FNDA:30,EffectModal
FNDA:5,(anonymous_9)
FNDA:23,(anonymous_10)
FNDA:0,(anonymous_11)
FNDA:4,(anonymous_12)
FNDA:0,(anonymous_13)
FNDA:0,(anonymous_14)
FNDA:0,(anonymous_15)
FNDA:0,(anonymous_16)
FNDA:0,(anonymous_17)
FNDA:0,(anonymous_18)
FNDA:0,(anonymous_19)
FNDA:0,(anonymous_20)
FNDA:0,(anonymous_21)
FNDA:0,(anonymous_22)
FNDA:0,(anonymous_23)
FNDA:0,(anonymous_24)
FNDA:0,(anonymous_25)
FNDA:0,(anonymous_26)
DA:3,1
DA:5,1
DA:6,1
DA:7,1
DA:8,1
DA:9,1
DA:10,1
DA:11,1
DA:12,1
DA:13,1
DA:14,1
DA:15,1
DA:16,1
DA:17,1
DA:18,1
DA:20,1
DA:50,30
DA:51,30
DA:52,23
DA:53,8
DA:57,6
DA:58,6
DA:59,6
DA:60,6
DA:61,6
DA:62,6
DA:63,6
DA:64,6
DA:65,6
DA:66,6
DA:67,6
DA:68,6
DA:69,6
DA:70,6
DA:71,6
DA:72,6
DA:73,6
DA:77,12
DA:78,4
DA:86,8
DA:94,0
DA:108,12
DA:110,30
DA:113,5
DA:114,23
DA:121,30
DA:129,0
DA:141,4
DA:145,0
DA:149,0
DA:153,0
DA:160,0
DA:165,0
DA:169,0
DA:173,0
DA:177,0
DA:181,0
DA:185,0
DA:189,0
DA:193,0
DA:197,0
DA:202,0
LF:62
LH:46
BRDA:50,0,0,0
BRDA:50,0,1,30
BRDA:50,1,0,0
BRDA:50,1,1,0
BRDA:51,2,0,7
BRDA:51,2,1,23
BRDA:52,3,0,15
BRDA:52,3,1,8
BRDA:58,4,0,5
BRDA:58,4,1,1
BRDA:59,5,0,0
BRDA:59,5,1,6
BRDA:64,6,0,0
BRDA:64,6,1,6
BRDA:65,7,0,0
BRDA:65,7,1,6
BRDA:66,8,0,0
BRDA:66,8,1,6
BRDA:67,9,0,0
BRDA:67,9,1,6
BRDA:72,10,0,0
BRDA:72,10,1,6
BRDA:77,11,0,4
BRDA:77,11,1,8
BRDA:87,12,0,8
BRDA:87,12,1,0
BRDA:88,13,0,8
BRDA:88,13,1,8
BRDA:89,14,0,8
BRDA:89,14,1,0
BRDA:90,15,0,8
BRDA:90,15,1,0
BRDA:91,16,0,8
BRDA:91,16,1,0
BRDA:92,17,0,8
BRDA:92,17,1,8
BRDA:93,18,0,8
BRDA:93,18,1,0
BRDA:94,19,0,8
BRDA:94,19,1,0
BRDA:95,20,0,8
BRDA:95,20,1,0
BRDA:96,21,0,8
BRDA:96,21,1,8
BRDA:97,22,0,8
BRDA:97,22,1,8
BRDA:98,23,0,8
BRDA:98,23,1,8
BRDA:99,24,0,8
BRDA:99,24,1,8
BRDA:100,25,0,8
BRDA:100,25,1,0
BRDA:101,26,0,8
BRDA:101,26,1,0
BRDA:102,27,0,8
BRDA:102,27,1,8
BRDA:103,28,0,8
BRDA:103,28,1,8
BRDA:104,29,0,0
BRDA:104,29,1,8
BRDA:121,30,0,7
BRDA:121,30,1,23
BRDA:126,31,0,0
BRDA:133,32,0,30
BRDA:138,33,0,22
BRDA:222,34,0,8
BRDA:231,35,0,8
BRDA:231,35,1,0
BRDA:232,36,0,8
BRDA:232,36,1,0
BRF:70
BRH:48
end_of_record
TN:
SF:app/controlroom_frontend/components/tables/instruments/InstrumentModal.tsx
FN:48,getInstrumentTitle
FN:55,buildInstrumentPayload
FN:74,toForm
FN:90,(anonymous_7)
FN:104,InstrumentModal
FN:109,(anonymous_9)
FN:110,(anonymous_10)
FN:125,(anonymous_11)
FN:137,(anonymous_12)
FN:141,(anonymous_13)
FN:145,(anonymous_14)
FN:152,(anonymous_15)
FN:157,(anonymous_16)
FN:161,(anonymous_17)
FN:165,(anonymous_18)
FN:169,(anonymous_19)
FN:173,(anonymous_20)
FN:177,(anonymous_21)
FN:181,(anonymous_22)
FN:185,(anonymous_23)
FN:189,(anonymous_24)
FN:194,(anonymous_25)
FNF:22
FNH:8
FNDA:41,getInstrumentTitle
FNDA:8,buildInstrumentPayload
FNDA:16,toForm
FNDA:0,(anonymous_7)
FNDA:41,InstrumentModal
FNDA:7,(anonymous_9)
FNDA:34,(anonymous_10)
FNDA:0,(anonymous_11)
FNDA:4,(anonymous_12)
FNDA:0,(anonymous_13)
FNDA:0,(anonymous_14)
FNDA:0,(anonymous_15)
FNDA:0,(anonymous_16)
FNDA:0,(anonymous_17)
FNDA:0,(anonymous_18)
FNDA:0,(anonymous_19)
FNDA:0,(anonymous_20)
FNDA:0,(anonymous_21)
FNDA:0,(anonymous_22)
FNDA:2,(anonymous_23)
FNDA:0,(anonymous_24)
FNDA:0,(anonymous_25)
DA:3,1
DA:5,1
DA:6,1
DA:7,1
DA:8,1
DA:9,1
DA:10,1
DA:11,1
DA:12,1
DA:13,1
DA:14,1
DA:15,1
DA:16,1
DA:17,1
DA:18,1
DA:20,1
DA:49,41
DA:50,41
DA:51,34
DA:52,12
DA:56,8
DA:57,8
DA:58,8
DA:59,8
DA:60,8
DA:61,8
DA:62,8
DA:63,8
DA:64,8
DA:65,8
DA:66,8
DA:67,8
DA:68,8
DA:69,8
DA:70,8
DA:71,8
DA:75,16
DA:76,4
DA:83,12
DA:90,0
DA:104,16
DA:106,41
DA:109,7
DA:110,34
DA:117,41
DA:125,0
DA:137,4
DA:141,0
DA:145,0
DA:152,0
DA:157,0
DA:161,0
DA:165,0
DA:169,0
DA:173,0
DA:177,0
DA:181,0
DA:185,2
DA:189,0
DA:194,0
LF:60
LH:46
BRDA:49,0,0,0
BRDA:49,0,1,41
BRDA:49,1,0,0
BRDA:49,1,1,0
BRDA:50,2,0,7
BRDA:50,2,1,34
BRDA:51,3,0,22
BRDA:51,3,1,12
BRDA:57,4,0,7
BRDA:57,4,1,1
BRDA:58,5,0,0
BRDA:58,5,1,8
BRDA:62,6,0,0
BRDA:62,6,1,8
BRDA:63,7,0,0
BRDA:63,7,1,8
BRDA:64,8,0,0
BRDA:64,8,1,8
BRDA:65,9,0,0
BRDA:65,9,1,8
BRDA:69,10,0,8
BRDA:69,10,1,7
BRDA:70,11,0,0
BRDA:70,11,1,8
BRDA:75,12,0,4
BRDA:75,12,1,12
BRDA:84,13,0,12
BRDA:84,13,1,0
BRDA:85,14,0,12
BRDA:85,14,1,12
BRDA:86,15,0,12
BRDA:86,15,1,0
BRDA:87,16,0,12
BRDA:87,16,1,0
BRDA:88,17,0,12
BRDA:88,17,1,12
BRDA:89,18,0,12
BRDA:89,18,1,0
BRDA:90,19,0,12
BRDA:90,19,1,0
BRDA:91,20,0,12
BRDA:91,20,1,0
BRDA:92,21,0,12
BRDA:92,21,1,12
BRDA:93,22,0,12
BRDA:93,22,1,12
BRDA:94,23,0,12
BRDA:94,23,1,12
BRDA:95,24,0,12
BRDA:95,24,1,12
BRDA:96,25,0,12
BRDA:96,25,1,0
BRDA:97,26,0,12
BRDA:97,26,1,0
BRDA:98,27,0,12
BRDA:98,27,1,12
BRDA:99,28,0,12
BRDA:99,28,1,8
BRDA:100,29,0,0
BRDA:100,29,1,12
BRDA:117,30,0,7
BRDA:117,30,1,34
BRDA:122,31,0,0
BRDA:129,32,0,41
BRDA:134,33,0,29
BRDA:213,34,0,12
BRDA:222,35,0,12
BRDA:222,35,1,0
BRDA:223,36,0,12
BRDA:223,36,1,0
BRF:70
BRH:49
end_of_record
TN:
SF:app/controlroom_frontend/components/tables/libraries/LibraryModal.tsx
FN:44,getLibraryTitle
FN:51,buildLibraryPayload
FN:72,toForm
FN:86,(anonymous_7)
FN:103,LibraryEditForm
FN:104,handleParentsChange
FN:112,(anonymous_10)
FN:116,(anonymous_11)
FN:123,(anonymous_12)
FN:128,(anonymous_13)
FN:132,(anonymous_14)
FN:136,(anonymous_15)
FN:140,(anonymous_16)
FN:144,(anonymous_17)
FN:148,(anonymous_18)
FN:163,LibraryViewForm
FN:190,LibraryModal
FN:195,(anonymous_21)
FN:196,(anonymous_22)
FN:211,(anonymous_23)
FNF:20
FNH:10
FNDA:55,getLibraryTitle
FNDA:13,buildLibraryPayload
FNDA:19,toForm
FNDA:0,(anonymous_7)
FNDA:39,LibraryEditForm
FNDA:0,handleParentsChange
FNDA:4,(anonymous_10)
FNDA:0,(anonymous_11)
FNDA:0,(anonymous_12)
FNDA:0,(anonymous_13)
FNDA:0,(anonymous_14)
FNDA:0,(anonymous_15)
FNDA:0,(anonymous_16)
FNDA:0,(anonymous_17)
FNDA:3,(anonymous_18)
FNDA:15,LibraryViewForm
FNDA:55,LibraryModal
FNDA:11,(anonymous_21)
FNDA:48,(anonymous_22)
FNDA:0,(anonymous_23)
DA:3,1
DA:5,1
DA:6,1
DA:7,1
DA:8,1
DA:9,1
DA:10,1
DA:11,1
DA:12,1
DA:13,1
DA:14,1
DA:15,1
DA:16,1
DA:17,1
DA:18,1
DA:20,1
DA:45,55
DA:46,55
DA:47,48
DA:48,15
DA:52,13
DA:53,13
DA:54,13
DA:55,13
DA:56,13
DA:57,13
DA:58,13
DA:59,13
DA:60,13
DA:61,13
DA:62,13
DA:63,2
DA:64,2
DA:66,1
DA:69,12
DA:73,19
DA:74,4
DA:80,15
DA:86,0
DA:105,0
DA:106,0
DA:112,4
DA:116,0
DA:123,0
DA:128,0
DA:132,0
DA:136,0
DA:140,0
DA:144,0
DA:148,3
DA:190,19
DA:192,55
DA:195,11
DA:196,48
DA:203,55
DA:211,0
LF:56
LH:45
BRDA:45,0,0,0
BRDA:45,0,1,55
BRDA:45,1,0,0
BRDA:45,1,1,0
BRDA:46,2,0,7
BRDA:46,2,1,48
BRDA:47,3,0,33
BRDA:47,3,1,15
BRDA:53,4,0,12
BRDA:53,4,1,1
BRDA:54,5,0,0
BRDA:54,5,1,13
BRDA:57,6,0,0
BRDA:57,6,1,13
BRDA:61,7,0,13
BRDA:61,7,1,12
BRDA:61,8,0,13
BRDA:61,8,1,11
BRDA:62,9,0,2
BRDA:62,9,1,11
BRDA:62,10,0,13
BRDA:62,10,1,3
BRDA:73,11,0,4
BRDA:73,11,1,15
BRDA:81,12,0,15
BRDA:81,12,1,0
BRDA:82,13,0,15
BRDA:82,13,1,15
BRDA:83,14,0,15
BRDA:83,14,1,0
BRDA:84,15,0,15
BRDA:84,15,1,15
BRDA:85,16,0,15
BRDA:85,16,1,0
BRDA:86,17,0,15
BRDA:86,17,1,0
BRDA:87,18,0,15
BRDA:87,18,1,0
BRDA:88,19,0,15
BRDA:88,19,1,15
BRDA:89,20,0,15
BRDA:89,20,1,0
BRDA:90,21,0,15
BRDA:90,21,1,0
BRDA:91,22,0,15
BRDA:91,22,1,15
BRDA:92,23,0,15
BRDA:92,23,1,12
BRDA:93,24,0,0
BRDA:93,24,1,15
BRDA:175,25,0,15
BRDA:203,26,0,7
BRDA:203,26,1,48
BRDA:208,27,0,0
BRDA:215,28,0,55
BRDA:219,29,0,40
BRDA:220,30,0,15
BRF:57
BRH:43
end_of_record
TN:
SF:app/controlroom_frontend/components/tables/models/ModelModal.tsx
FN:38,getModelTitle
FN:45,buildModelPayload
FN:62,toForm
FN:93,ModelModal
FN:98,(anonymous_8)
FN:99,(anonymous_9)
FN:113,(anonymous_10)
FN:128,(anonymous_11)
FN:135,(anonymous_12)
FN:143,(anonymous_13)
FN:153,(anonymous_14)
FN:163,(anonymous_15)
FN:173,(anonymous_16)
FN:183,(anonymous_17)
FN:193,(anonymous_18)
FN:203,(anonymous_19)
FN:213,(anonymous_20)
FNF:17
FNH:7
FNDA:22,getModelTitle
FNDA:4,buildModelPayload
FNDA:10,toForm
FNDA:22,ModelModal
FNDA:3,(anonymous_8)
FNDA:15,(anonymous_9)
FNDA:0,(anonymous_10)
FNDA:2,(anonymous_11)
FNDA:0,(anonymous_12)
FNDA:0,(anonymous_13)
FNDA:0,(anonymous_14)
FNDA:0,(anonymous_15)
FNDA:0,(anonymous_16)
FNDA:0,(anonymous_17)
FNDA:0,(anonymous_18)
FNDA:0,(anonymous_19)
FNDA:0,(anonymous_20)
DA:3,2
DA:5,2
DA:6,2
DA:7,2
DA:8,2
DA:9,2
DA:10,2
DA:11,2
DA:12,2
DA:13,2
DA:14,2
DA:16,2
DA:39,22
DA:40,22
DA:41,15
DA:42,6
DA:46,4
DA:47,4
DA:48,4
DA:49,4
DA:50,4
DA:51,4
DA:52,4
DA:53,4
DA:54,4
DA:55,4
DA:56,4
DA:57,0
DA:59,4
DA:63,10
DA:64,4
DA:78,6
DA:93,10
DA:95,22
DA:98,3
DA:99,15
DA:113,0
DA:128,2
DA:135,0
DA:143,0
DA:153,0
DA:163,0
DA:173,0
DA:183,0
DA:193,0
DA:203,0
DA:213,0
LF:47
LH:36
BRDA:39,0,0,0
BRDA:39,0,1,22
BRDA:39,1,0,0
BRDA:39,1,1,0
BRDA:40,2,0,7
BRDA:40,2,1,15
BRDA:41,3,0,9
BRDA:41,3,1,6
BRDA:47,4,0,3
BRDA:47,4,1,1
BRDA:48,5,0,0
BRDA:48,5,1,4
BRDA:49,6,0,0
BRDA:49,6,1,4
BRDA:50,7,0,2
BRDA:50,7,1,2
BRDA:51,8,0,2
BRDA:51,8,1,2
BRDA:52,9,0,0
BRDA:52,9,1,4
BRDA:53,10,0,2
BRDA:53,10,1,2
BRDA:54,11,0,0
BRDA:54,11,1,4
BRDA:55,12,0,0
BRDA:55,12,1,4
BRDA:56,13,0,0
BRDA:56,13,1,4
BRDA:63,14,0,4
BRDA:63,14,1,6
BRDA:79,15,0,6
BRDA:79,15,1,0
BRDA:80,16,0,6
BRDA:80,16,1,6
BRDA:81,17,0,6
BRDA:81,17,1,0
BRDA:82,18,0,6
BRDA:82,18,1,6
BRDA:83,19,0,6
BRDA:83,19,1,0
BRDA:84,20,0,6
BRDA:84,20,1,0
BRDA:85,21,0,6
BRDA:85,21,1,6
BRDA:86,22,0,6
BRDA:86,22,1,0
BRDA:87,23,0,6
BRDA:87,23,1,6
BRDA:88,24,0,6
BRDA:88,24,1,6
BRDA:89,25,0,0
BRDA:89,25,1,6
BRDA:110,26,0,0
BRDA:117,27,0,22
BRDA:122,28,0,16
BRDA:241,29,0,6
BRDA:253,30,0,6
BRDA:253,30,1,0
BRDA:254,31,0,6
BRDA:254,31,1,0
BRF:60
BRH:42
end_of_record
TN:
SF:app/controlroom_frontend/components/tables/tools/ToolModal.tsx
FN:40,getToolTitle
FN:47,buildToolPayload
FN:58,(anonymous_6)
FN:59,(anonymous_7)
FN:65,toForm
FN:94,ToolEditForm
FN:99,(anonymous_10)
FN:103,(anonymous_11)
FN:107,(anonymous_12)
FN:114,(anonymous_13)
FN:119,(anonymous_14)
FN:123,(anonymous_15)
FN:127,(anonymous_16)
FN:131,(anonymous_17)
FN:135,(anonymous_18)
FN:141,ToolViewForm
FN:159,ToolModal
FN:161,(anonymous_21)
FN:167,(anonymous_22)
FN:168,(anonymous_23)
FN:182,(anonymous_24)
FNF:21
FNH:12
FNDA:22,getToolTitle
FNDA:4,buildToolPayload
FNDA:20,(anonymous_6)
FNDA:12,(anonymous_7)
FNDA:10,toForm
FNDA:16,ToolEditForm
FNDA:2,(anonymous_10)
FNDA:0,(anonymous_11)
FNDA:0,(anonymous_12)
FNDA:0,(anonymous_13)
FNDA:0,(anonymous_14)
FNDA:0,(anonymous_15)
FNDA:0,(anonymous_16)
FNDA:0,(anonymous_17)
FNDA:0,(anonymous_18)
FNDA:6,ToolViewForm
FNDA:22,ToolModal
FNDA:22,(anonymous_21)
FNDA:3,(anonymous_22)
FNDA:15,(anonymous_23)
FNDA:0,(anonymous_24)
DA:3,1
DA:5,1
DA:6,1
DA:7,1
DA:8,1
DA:9,1
DA:10,1
DA:11,1
DA:12,1
DA:13,1
DA:14,1
DA:15,1
DA:16,1
DA:17,1
DA:41,22
DA:42,22
DA:43,15
DA:44,6
DA:48,4
DA:52,4
DA:57,4
DA:58,20
DA:59,12
DA:61,4
DA:62,4
DA:66,10
DA:67,4
DA:74,6
DA:99,2
DA:103,0
DA:107,0
DA:114,0
DA:119,0
DA:123,0
DA:127,0
DA:131,0
DA:135,0
DA:159,10
DA:160,22
DA:161,22
DA:164,22
DA:167,3
DA:168,15
DA:182,0
LF:44
LH:35
BRDA:41,0,0,0
BRDA:41,0,1,22
BRDA:41,1,0,0
BRDA:41,1,1,0
BRDA:42,2,0,7
BRDA:42,2,1,15
BRDA:43,3,0,9
BRDA:43,3,1,6
BRDA:61,4,0,2
BRDA:61,4,1,2
BRDA:66,5,0,4
BRDA:66,5,1,6
BRDA:75,6,0,6
BRDA:75,6,1,0
BRDA:76,7,0,6
BRDA:76,7,1,6
BRDA:77,8,0,6
BRDA:77,8,1,0
BRDA:78,9,0,6
BRDA:78,9,1,0
BRDA:80,10,0,6
BRDA:80,10,1,0
BRDA:81,11,0,6
BRDA:81,11,1,6
BRDA:82,12,0,6
BRDA:82,12,1,6
BRDA:83,13,0,6
BRDA:83,13,1,6
BRDA:84,14,0,6
BRDA:84,14,1,0
BRDA:85,15,0,6
BRDA:85,15,1,0
BRDA:112,16,0,16
BRDA:112,16,1,9
BRDA:179,17,0,0
BRDA:186,18,0,22
BRDA:190,19,0,16
BRDA:190,20,0,6
BRF:38
BRH:28
end_of_record
TN:
SF:app/controlroom_frontend/components/tables/workstations/WorkstationModal.tsx
FN:36,getWorkstationTitle
FN:43,buildWorkstationPayload
FN:56,toForm
FN:77,WorkstationModal
FN:82,(anonymous_8)
FN:83,(anonymous_9)
FN:97,(anonymous_10)
FN:109,(anonymous_11)
FN:113,(anonymous_12)
FN:117,(anonymous_13)
FN:121,(anonymous_14)
FN:125,(anonymous_15)
FN:129,(anonymous_16)
FN:133,(anonymous_17)
FN:137,(anonymous_18)
FNF:15
FNH:7
FNDA:22,getWorkstationTitle
FNDA:4,buildWorkstationPayload
FNDA:10,toForm
FNDA:22,WorkstationModal
FNDA:3,(anonymous_8)
FNDA:15,(anonymous_9)
FNDA:0,(anonymous_10)
FNDA:2,(anonymous_11)
FNDA:0,(anonymous_12)
FNDA:0,(anonymous_13)
FNDA:0,(anonymous_14)
FNDA:0,(anonymous_15)
FNDA:0,(anonymous_16)
FNDA:0,(anonymous_17)
FNDA:0,(anonymous_18)
DA:3,1
DA:5,1
DA:6,1
DA:7,1
DA:8,1
DA:9,1
DA:10,1
DA:11,1
DA:12,1
DA:13,1
DA:14,1
DA:16,1
DA:37,22
DA:38,22
DA:39,15
DA:40,6
DA:44,4
DA:45,4
DA:46,4
DA:47,4
DA:48,4
DA:49,4
DA:50,4
DA:51,4
DA:52,4
DA:53,4
DA:57,10
DA:58,4
DA:64,6
DA:77,10
DA:79,22
DA:82,3
DA:83,15
DA:97,0
DA:109,2
DA:113,0
DA:117,0
DA:121,0
DA:125,0
DA:129,0
DA:133,0
DA:137,0
LF:42
LH:34
BRDA:37,0,0,0
BRDA:37,0,1,22
BRDA:37,1,0,0
BRDA:37,1,1,0
BRDA:38,2,0,7
BRDA:38,2,1,15
BRDA:39,3,0,9
BRDA:39,3,1,6
BRDA:45,4,0,3
BRDA:45,4,1,1
BRDA:46,5,0,0
BRDA:46,5,1,4
BRDA:48,6,0,0
BRDA:48,6,1,4
BRDA:49,7,0,0
BRDA:49,7,1,4
BRDA:50,8,0,0
BRDA:50,8,1,4
BRDA:57,9,0,4
BRDA:57,9,1,6
BRDA:65,10,0,6
BRDA:65,10,1,0
BRDA:66,11,0,6
BRDA:66,11,1,6
BRDA:67,12,0,6
BRDA:67,12,1,6
BRDA:68,13,0,6
BRDA:68,13,1,0
BRDA:69,14,0,6
BRDA:69,14,1,6
BRDA:70,15,0,6
BRDA:70,15,1,6
BRDA:71,16,0,6
BRDA:71,16,1,6
BRDA:72,17,0,6
BRDA:72,17,1,0
BRDA:73,18,0,6
BRDA:73,18,1,0
BRDA:94,19,0,0
BRDA:101,20,0,22
BRDA:106,21,0,16
BRDA:150,22,0,6
BRDA:150,22,1,0
BRDA:151,23,0,6
BRDA:151,23,1,0
BRF:45
BRH:31
end_of_record
TN:
SF:app/controlroom_frontend/lib/api.ts
FN:4,req
FN:13,(anonymous_2)
FN:20,appendFilters
FN:35,(anonymous_4)
FN:36,(anonymous_5)
FN:40,(anonymous_6)
FN:41,(anonymous_7)
FN:46,(anonymous_8)
FN:47,(anonymous_9)
FN:48,(anonymous_10)
FN:49,(anonymous_11)
FN:50,(anonymous_12)
FN:52,(anonymous_13)
FNF:13
FNH:10
FNDA:15,req
FNDA:0,(anonymous_2)
FNDA:5,appendFilters
FNDA:2,(anonymous_4)
FNDA:7,(anonymous_5)
FNDA:3,(anonymous_6)
FNDA:3,(anonymous_7)
FNDA:2,(anonymous_8)
FNDA:1,(anonymous_9)
FNDA:1,(anonymous_10)
FNDA:2,(anonymous_11)
FNDA:0,(anonymous_12)
FNDA:0,(anonymous_13)
DA:2,1
DA:5,15
DA:12,15
DA:13,1
DA:14,1
DA:16,14
DA:17,12
DA:21,5
DA:22,5
DA:23,5
DA:24,2
DA:26,3
DA:27,3
DA:28,3
DA:29,3
DA:34,15
DA:35,2
DA:37,7
DA:38,7
DA:39,7
DA:40,7
DA:41,7
DA:42,7
DA:43,7
DA:44,7
DA:46,2
DA:47,1
DA:48,1
DA:49,2
DA:51,0
DA:53,0
DA:54,0
DA:55,0
DA:56,0
LF:34
LH:29
BRDA:12,0,0,1
BRDA:12,0,1,14
BRDA:14,1,0,1
BRDA:14,1,1,0
BRDA:16,2,0,2
BRDA:16,2,1,12
BRDA:23,3,0,2
BRDA:23,3,1,3
BRDA:26,4,0,0
BRDA:26,4,1,3
BRDA:28,5,0,2
BRDA:28,5,1,1
BRDA:29,6,0,0
BRDA:29,6,1,3
BRDA:29,7,0,3
BRDA:29,7,1,0
BRDA:35,8,0,1
BRDA:35,8,1,1
BRDA:38,9,0,0
BRDA:38,9,1,7
BRDA:39,10,0,0
BRDA:39,10,1,7
BRDA:42,11,0,5
BRDA:42,11,1,2
BRDA:44,12,0,7
BRDA:44,12,1,0
BRDA:50,13,0,0
BRDA:52,14,0,0
BRDA:52,15,0,0
BRDA:54,16,0,0
BRDA:54,16,1,0
BRDA:55,17,0,0
BRDA:55,17,1,0
BRF:33
BRH:19
end_of_record
TN:
SF:app/controlroom_frontend/lib/auth.tsx
FN:17,performLogin
FN:27,(anonymous_7)
FN:33,performGoogleLogin
FN:40,(anonymous_9)
FN:46,redirectIfNeeded
FN:57,AuthProvider
FN:65,(anonymous_12)
FN:67,(anonymous_13)
FN:71,(anonymous_14)
FN:75,(anonymous_15)
FN:78,(anonymous_16)
FN:82,(anonymous_17)
FN:86,(anonymous_18)
FN:92,(anonymous_19)
FN:98,(anonymous_20)
FN:107,(anonymous_21)
FN:121,useAuth
FNF:17
FNH:15
FNDA:2,performLogin
FNDA:0,(anonymous_7)
FNDA:1,performGoogleLogin
FNDA:0,(anonymous_9)
FNDA:22,redirectIfNeeded
FNDA:22,AuthProvider
FNDA:10,(anonymous_12)
FNDA:9,(anonymous_13)
FNDA:4,(anonymous_14)
FNDA:5,(anonymous_15)
FNDA:9,(anonymous_16)
FNDA:22,(anonymous_17)
FNDA:2,(anonymous_18)
FNDA:1,(anonymous_19)
FNDA:3,(anonymous_20)
FNDA:22,(anonymous_21)
FNDA:13,useAuth
DA:3,1
DA:4,1
DA:15,1
DA:18,2
DA:19,2
DA:20,2
DA:21,2
DA:26,2
DA:27,1
DA:28,1
DA:30,1
DA:34,1
DA:39,1
DA:40,0
DA:41,0
DA:43,1
DA:52,22
DA:53,12
DA:54,12
DA:57,10
DA:58,22
DA:59,22
DA:60,22
DA:61,22
DA:62,22
DA:65,22
DA:66,10
DA:68,9
DA:69,4
DA:72,4
DA:73,4
DA:78,9
DA:82,22
DA:83,22
DA:86,22
DA:87,2
DA:88,1
DA:89,1
DA:92,22
DA:93,1
DA:94,1
DA:95,1
DA:98,22
DA:99,3
DA:100,2
DA:101,1
DA:102,1
DA:103,1
DA:106,22
DA:107,22
DA:121,13
DA:122,13
DA:123,12
DA:124,10
LF:54
LH:52
BRDA:26,0,0,1
BRDA:26,0,1,1
BRDA:28,1,0,1
BRDA:28,1,1,0
BRDA:39,2,0,0
BRDA:39,2,1,1
BRDA:41,3,0,0
BRDA:41,3,1,0
BRDA:52,4,0,10
BRDA:52,4,1,12
BRDA:53,5,0,0
BRDA:53,5,1,12
BRDA:53,6,0,12
BRDA:53,6,1,6
BRDA:54,7,0,6
BRDA:54,7,1,6
BRDA:54,8,0,12
BRDA:54,8,1,6
BRDA:68,9,0,5
BRDA:68,9,1,4
BRDA:100,10,0,1
BRDA:100,10,1,1
BRDA:123,11,0,2
BRDA:123,11,1,10
BRF:24
BRH:19
end_of_record
TN:
SF:app/controlroom_frontend/lib/columnUtils.tsx
FN:6,renderMutedText
FNF:1
FNH:1
FNDA:4,renderMutedText
DA:3,1
DA:6,4
LF:2
LH:2
BRDA:8,0,0,1
BRF:1
BRH:1
end_of_record
TN:
SF:app/controlroom_frontend/lib/computeDiff.ts
FN:3,computeDiff
FN:9,(anonymous_4)
FN:10,(anonymous_5)
FN:11,(anonymous_6)
FN:16,formatDiffValue
FNF:5
FNH:5
FNDA:718,computeDiff
FNDA:5998,(anonymous_4)
FNDA:5796,(anonymous_5)
FNDA:5345,(anonymous_6)
FNDA:333,formatDiffValue
DA:1,12
DA:3,718
DA:7,718
DA:8,718
DA:9,5998
DA:10,5796
DA:11,5345
DA:14,12
DA:16,333
DA:17,333
DA:18,329
DA:19,329
DA:20,226
LF:13
LH:13
BRDA:17,0,0,4
BRDA:17,0,1,329
BRDA:17,1,0,333
BRDA:17,1,1,331
BRDA:18,2,0,226
BRDA:18,2,1,103
BRDA:19,3,0,103
BRDA:19,3,1,226
BRF:8
BRH:8
end_of_record
TN:
SF:app/controlroom_frontend/lib/filterOperators.ts
FNF:0
FNH:0
DA:1,10
DA:15,42
DA:17,24
DA:29,81
DA:30,71
DA:31,61
DA:34,45
DA:35,10
DA:36,10
LF:9
LH:9
BRF:0
BRH:0
end_of_record
TN:
SF:app/controlroom_frontend/lib/parentSelectRecents.ts
FN:6,loadRecents
FN:13,(anonymous_4)
FN:24,pushRecent
FN:26,(anonymous_6)
FNF:4
FNH:4
FNDA:2404,loadRecents
FNDA:7639,(anonymous_4)
FNDA:1998,pushRecent
FNDA:5861,(anonymous_6)
DA:3,3
DA:4,3
DA:6,406
DA:7,2404
DA:8,2404
DA:9,2404
DA:10,2003
DA:11,2002
DA:12,1999
DA:14,7639
DA:18,1999
DA:20,1
DA:24,1998
DA:25,1998
DA:26,5861
DA:27,1998
LF:16
LH:16
BRDA:9,0,0,401
BRDA:9,0,1,2003
BRDA:11,1,0,3
BRDA:11,1,1,1999
BRDA:14,2,0,7639
BRDA:14,2,1,7637
BRDA:14,2,2,7636
BRDA:14,2,3,7634
BRDA:26,3,0,5861
BRDA:26,3,1,2115
BRF:10
BRH:10
end_of_record
TN:
SF:app/controlroom_frontend/lib/searchMeta.ts
FNF:0
FNH:0
DA:7,116
LF:1
LH:1
BRF:0
BRH:0
end_of_record
TN:
SF:app/controlroom_frontend/lib/useRecordModal.ts
FN:49,useRecordModal
FN:64,(anonymous_5)
FN:68,(anonymous_6)
FN:73,(anonymous_7)
FN:74,(anonymous_8)
FN:78,(anonymous_9)
FN:79,(anonymous_10)
FN:80,(anonymous_11)
FN:83,set
FN:84,(anonymous_13)
FN:92,(anonymous_14)
FN:93,(anonymous_15)
FN:94,(anonymous_16)
FN:95,(anonymous_17)
FNF:14
FNH:14
FNDA:275,useRecordModal
FNDA:119,(anonymous_5)
FNDA:53,(anonymous_6)
FNDA:33,(anonymous_7)
FNDA:20,(anonymous_8)
FNDA:12,(anonymous_9)
FNDA:9,(anonymous_10)
FNDA:3,(anonymous_11)
FNDA:31,set
FNDA:31,(anonymous_13)
FNDA:58,(anonymous_14)
FNDA:1,(anonymous_15)
FNDA:53,(anonymous_16)
FNDA:12,(anonymous_17)
DA:3,9
DA:4,9
DA:5,9
DA:6,9
DA:49,275
DA:60,275
DA:61,275
DA:62,275
DA:63,275
DA:64,275
DA:65,275
DA:67,275
DA:69,53
DA:70,52
DA:71,35
DA:73,33
DA:74,20
DA:77,275
DA:78,12
DA:79,9
DA:80,3
DA:84,31
DA:87,275
DA:92,58
DA:93,1
DA:94,53
DA:95,12
DA:101,275
LF:28
LH:28
BRDA:63,0,0,65
BRDA:63,0,1,210
BRDA:70,1,0,17
BRDA:70,1,1,35
BRDA:74,2,0,19
BRDA:74,2,1,1
BRDA:80,3,0,2
BRDA:80,3,1,1
BRDA:93,4,0,210
BRDA:93,4,1,65
BRDA:108,5,0,210
BRDA:108,5,1,65
BRF:12
BRH:12
end_of_record
TN:
SF:app/controlroom_frontend/lib/useRecordNavigation.ts
FN:24,useRecordNavigation
FN:30,(anonymous_5)
FN:33,(anonymous_6)
FN:36,(anonymous_7)
FN:40,(anonymous_8)
FNF:5
FNH:5
FNDA:1192,useRecordNavigation
FNDA:1137,(anonymous_5)
FNDA:3487,(anonymous_6)
FNDA:202,(anonymous_7)
FNDA:203,(anonymous_8)
DA:3,5
DA:24,1192
DA:30,1192
DA:31,1137
DA:32,934
DA:33,3487
DA:36,1192
DA:37,202
DA:40,1192
DA:41,203
DA:44,1192
DA:46,830
LF:12
LH:12
BRDA:31,0,0,203
BRDA:31,0,1,934
BRDA:37,1,0,101
BRDA:37,1,1,101
BRDA:41,2,0,102
BRDA:41,2,1,101
BRDA:41,3,0,203
BRDA:41,3,1,203
BRDA:44,4,0,362
BRDA:44,4,1,830
BRDA:44,5,0,1192
BRDA:44,5,1,934
BRF:12
BRH:12
end_of_record
TN:
SF:app/controlroom_frontend/lib/useSessionState.ts
FN:44,readStorage
FN:53,writeStorage
FN:61,buildDefaultVisibility
FN:71,buildDefaultSorting
FN:75,isEntryActive
FN:84,buildActive
FN:92,sortingEqual
FN:94,(anonymous_13)
FN:97,visibilityEqual
FN:101,(anonymous_15)
FN:104,makeDefaultEntry
FN:108,useSessionState
FN:114,(anonymous_18)
FN:116,(anonymous_19)
FN:123,(anonymous_20)
FN:127,(anonymous_21)
FN:150,(anonymous_22)
FN:157,(anonymous_23)
FN:164,(anonymous_24)
FN:165,(anonymous_25)
FN:166,(anonymous_26)
FN:170,(anonymous_27)
FN:188,(anonymous_28)
FN:196,setFilterEntry
FN:197,(anonymous_30)
FN:207,clearFilters
FN:212,resetView
FNF:27
FNH:25
FNDA:51,readStorage
FNDA:17,writeStorage
FNDA:50,buildDefaultVisibility
FNDA:50,buildDefaultSorting
FNDA:5,isEntryActive
FNDA:56,buildActive
FNDA:121,sortingEqual
FNDA:20,(anonymous_13)
FNDA:108,visibilityEqual
FNDA:46,(anonymous_15)
FNDA:0,makeDefaultEntry
FNDA:149,useSessionState
FNDA:50,(anonymous_18)
FNDA:50,(anonymous_19)
FNDA:50,(anonymous_20)
FNDA:50,(anonymous_21)
FNDA:51,(anonymous_22)
FNDA:1,(anonymous_23)
FNDA:59,(anonymous_24)
FNDA:5,(anonymous_25)
FNDA:59,(anonymous_26)
FNDA:68,(anonymous_27)
FNDA:67,(anonymous_28)
FNDA:6,setFilterEntry
FNDA:6,(anonymous_30)
FNDA:0,clearFilters
FNDA:2,resetView
DA:3,3
DA:11,3
DA:13,3
DA:14,3
DA:15,3
DA:45,51
DA:46,51
DA:47,51
DA:49,0
DA:54,17
DA:55,17
DA:62,50
DA:63,50
DA:64,100
DA:65,19
DA:66,19
DA:68,50
DA:72,50
DA:76,5
DA:77,5
DA:78,5
DA:79,5
DA:80,5
DA:81,5
DA:85,56
DA:86,56
DA:87,5
DA:89,56
DA:93,121
DA:94,114
DA:98,108
DA:99,108
DA:100,108
DA:101,108
DA:104,0
DA:105,0
DA:108,149
DA:112,149
DA:113,149
DA:114,149
DA:115,149
DA:116,50
DA:123,149
DA:125,149
DA:126,149
DA:127,50
DA:129,149
DA:132,149
DA:135,149
DA:141,149
DA:142,149
DA:143,149
DA:144,149
DA:149,149
DA:150,149
DA:151,51
DA:152,50
DA:153,50
DA:155,1
DA:156,1
DA:157,1
DA:158,1
DA:159,1
DA:160,1
DA:164,149
DA:165,59
DA:166,59
DA:170,149
DA:172,68
DA:176,68
DA:177,51
DA:178,51
DA:180,17
DA:188,149
DA:189,67
DA:190,60
DA:191,54
DA:192,53
DA:193,51
DA:197,6
DA:198,6
DA:199,0
DA:200,0
DA:201,0
DA:203,6
DA:208,0
DA:209,0
DA:213,2
DA:214,2
DA:215,2
DA:216,2
DA:217,2
DA:220,149
LF:93
LH:85
BRDA:47,0,0,2
BRDA:47,0,1,49
BRDA:64,1,0,81
BRDA:64,1,1,19
BRDA:65,2,0,19
BRDA:65,2,1,0
BRDA:66,3,0,19
BRDA:66,3,1,0
BRDA:72,4,0,7
BRDA:72,4,1,43
BRDA:77,5,0,0
BRDA:77,5,1,5
BRDA:78,6,0,0
BRDA:78,6,1,5
BRDA:79,7,0,0
BRDA:79,7,1,5
BRDA:80,8,0,5
BRDA:80,8,1,0
BRDA:80,8,2,0
BRDA:81,9,0,5
BRDA:81,9,1,5
BRDA:87,10,0,3
BRDA:87,10,1,2
BRDA:93,11,0,7
BRDA:93,11,1,114
BRDA:94,12,0,20
BRDA:94,12,1,14
BRDA:100,13,0,0
BRDA:100,13,1,108
BRDA:125,14,0,149
BRDA:125,14,1,148
BRDA:127,15,0,50
BRDA:127,15,1,49
BRDA:130,16,0,149
BRDA:130,16,1,148
BRDA:133,17,0,149
BRDA:133,17,1,148
BRDA:136,18,0,149
BRDA:136,18,1,148
BRDA:151,19,0,50
BRDA:151,19,1,1
BRDA:156,20,0,1
BRDA:156,20,1,0
BRDA:157,21,0,1
BRDA:157,21,1,0
BRDA:158,22,0,1
BRDA:158,22,1,0
BRDA:159,23,0,1
BRDA:159,23,1,0
BRDA:160,24,0,1
BRDA:160,24,1,0
BRDA:172,25,0,68
BRDA:172,25,1,61
BRDA:172,25,2,54
BRDA:172,25,3,53
BRDA:176,26,0,51
BRDA:176,26,1,17
BRDA:189,27,0,7
BRDA:189,27,1,60
BRDA:190,28,0,6
BRDA:190,28,1,54
BRDA:191,29,0,1
BRDA:191,29,1,53
BRDA:192,30,0,2
BRDA:192,30,1,51
BRDA:198,31,0,0
BRDA:198,31,1,6
BRF:67
BRH:53
end_of_record
TN:
SF:app/controlroom_frontend/lib/useTableData.ts
FN:40,getNextPageParam
FN:44,(anonymous_5)
FN:48,resolveFilterParams
FN:65,useTableData
FN:74,(anonymous_8)
FN:75,(anonymous_9)
FN:77,(anonymous_10)
FN:83,(anonymous_11)
FN:97,(anonymous_12)
FN:112,(anonymous_13)
FN:112,(anonymous_14)
FN:128,(anonymous_15)
FNF:12
FNH:9
FNDA:27,getNextPageParam
FNDA:27,(anonymous_5)
FNDA:33,resolveFilterParams
FNDA:112,useTableData
FNDA:0,(anonymous_8)
FNDA:0,(anonymous_9)
FNDA:33,(anonymous_10)
FNDA:26,(anonymous_11)
FNDA:7,(anonymous_12)
FNDA:36,(anonymous_13)
FNDA:5,(anonymous_14)
FNDA:0,(anonymous_15)
DA:3,2
DA:4,2
DA:6,2
DA:44,27
DA:45,27
DA:52,33
DA:53,33
DA:54,66
DA:55,66
DA:56,66
DA:58,33
DA:59,33
DA:60,1
DA:62,33
DA:65,112
DA:72,112
DA:74,112
DA:75,112
DA:76,112
DA:77,33
DA:81,112
DA:83,26
DA:95,112
DA:98,7
DA:111,112
DA:112,36
DA:116,112
DA:117,112
DA:118,112
DA:119,112
DA:120,112
DA:121,112
DA:123,112
DA:125,112
DA:128,0
DA:141,112
LF:36
LH:35
BRDA:45,0,0,0
BRDA:45,0,1,27
BRDA:54,1,0,66
BRDA:54,1,1,66
BRDA:55,2,0,0
BRDA:55,2,1,66
BRDA:56,3,0,66
BRDA:56,3,1,66
BRDA:60,4,0,1
BRDA:60,4,1,0
BRDA:75,5,0,0
BRDA:75,5,1,0
BRDA:81,6,0,43
BRDA:101,7,0,0
BRDA:101,7,1,7
BRDA:102,8,0,0
BRDA:102,8,1,7
BRDA:103,9,0,1
BRDA:103,9,1,6
BRDA:112,10,0,36
BRDA:112,10,1,31
BRDA:116,11,0,17
BRDA:116,11,1,95
BRDA:117,12,0,17
BRDA:117,12,1,95
BRDA:118,13,0,17
BRDA:118,13,1,95
BRDA:120,14,0,17
BRDA:120,14,1,95
BRDA:121,15,0,0
BRDA:121,15,1,112
BRDA:123,16,0,6
BRDA:123,16,1,106
BRDA:123,17,0,112
BRDA:123,17,1,17
BRDA:125,18,0,17
BRDA:125,18,1,95
BRF:37
BRH:29
end_of_record
TN:
SF:app/controlroom_frontend/lib/useTableFilters.ts
FN:24,buildActive
FN:45,useTableFilters
FN:49,(anonymous_8)
FN:50,(anonymous_9)
FN:53,(anonymous_10)
FN:56,setFilterEntry
FN:57,(anonymous_12)
FN:67,clearFilters
FN:75,makeDefaultEntry
FNF:9
FNH:9
FNDA:7,buildActive
FNDA:31,useTableFilters
FNDA:24,(anonymous_8)
FNDA:7,(anonymous_9)
FNDA:24,(anonymous_10)
FNDA:12,setFilterEntry
FNDA:12,(anonymous_12)
FNDA:1,clearFilters
FNDA:1,makeDefaultEntry
DA:3,1
DA:10,1
DA:12,1
DA:13,1
DA:25,7
DA:26,7
DA:27,7
DA:28,7
DA:29,2
DA:30,2
DA:32,5
DA:33,5
DA:34,0
DA:35,0
DA:37,5
DA:38,5
DA:39,4
DA:42,7
DA:45,31
DA:46,31
DA:47,31
DA:49,31
DA:50,24
DA:51,7
DA:53,24
DA:57,12
DA:58,12
DA:59,1
DA:60,1
DA:61,1
DA:63,11
DA:68,1
DA:69,1
DA:72,31
DA:75,1
DA:76,1
LF:36
LH:34
BRDA:28,0,0,2
BRDA:28,0,1,5
BRDA:32,1,0,0
BRDA:32,1,1,5
BRDA:33,2,0,0
BRDA:33,2,1,5
BRDA:37,3,0,5
BRDA:37,3,1,1
BRDA:37,3,2,1
BRDA:38,4,0,4
BRDA:38,4,1,1
BRDA:38,5,0,5
BRDA:38,5,1,4
BRDA:58,6,0,1
BRDA:58,6,1,11
BRF:15
BRH:13
end_of_record
TN:
SF:app/controlroom_frontend/lib/utils.ts
FN:4,cn
FN:8,formatSlug
FN:11,(anonymous_6)
FN:15,formatDate
FNF:4
FNH:4
FNDA:8596,cn
FNDA:3,formatSlug
FNDA:6,(anonymous_6)
FNDA:12,formatDate
DA:1,31
DA:2,31
DA:4,8596
DA:5,8596
DA:8,3
DA:9,3
DA:11,6
DA:15,12
DA:16,12
LF:9
LH:9
BRF:0
BRH:0
end_of_record
